2018-06-10 10:49:57.186  INFO 15820 --- [main] o.redrock.graduate.GraduateApplication   : Starting GraduateApplication on admin-PC with PID 15820 (C:\Users\admin\Desktop\graduate\target\classes started by admin in C:\Users\admin\Desktop\graduate)
2018-06-10 10:49:57.189  INFO 15820 --- [main] o.redrock.graduate.GraduateApplication   : No active profile set, falling back to default profiles: default
2018-06-10 10:49:57.223  INFO 15820 --- [main] ConfigServletWebServerApplicationContext : Refreshing org.springframework.boot.web.servlet.context.AnnotationConfigServletWebServerApplicationContext@70be0a2b: startup date [Sun Jun 10 10:49:57 CST 2018]; root of context hierarchy
2018-06-10 10:49:57.979  INFO 15820 --- [main] o.s.b.w.embedded.tomcat.TomcatWebServer  : Tomcat initialized with port(s): 8080 (http)
2018-06-10 10:49:57.998  INFO 15820 --- [main] o.apache.catalina.core.StandardService   : Starting service [Tomcat]
2018-06-10 10:49:57.999  INFO 15820 --- [main] org.apache.catalina.core.StandardEngine  : Starting Servlet Engine: Apache Tomcat/8.5.31
2018-06-10 10:49:58.002  INFO 15820 --- [localhost-startStop-1] o.a.catalina.core.AprLifecycleListener   : The APR based Apache Tomcat Native library which allows optimal performance in production environments was not found on the java.library.path: [C:\Program Files\Java\jdk1.8.0_102\bin;C:\Windows\Sun\Java\bin;C:\Windows\system32;C:\Windows;C:\Program Files\Java\jdk1.8.0_102\bin;C:\ProgramData\Oracle\Java\javapath;C:\Windows\system32;C:\Windows;C:\Windows\System32\Wbem;C:\Windows\System32\WindowsPowerShell\v1.0\;C:\Program Files (x86)\NVIDIA Corporation\PhysX\Common;C:\Program Files (x86)\Common Files\microsoft shared\TigerKin;D:\Git\cmd;C:\Users\admin\.dnx\bin;C:\Program Files\Microsoft DNX\Dnvm\;C:\Program Files (x86)\Common Files\microsoft shared\TigerKin;C:\Windows\system32\config\systemprofile\.dnx\bin;C:\Program Files\Microsoft DNX\Dnvm\;C:\Program Files (x86)\Windows Kits\8.1\Windows Performance Toolkit\;C:\Program Files\Microsoft SQL Server\130\Tools\Binn\;C:\Users\admin\AppData\Local\Programs\Python\Python35\Scripts\;C:\Users\admin\AppData\Local\Programs\Python\Python35\;D:\phpStudy\php\php-7.0.12-nts\;C:\Program Files (x86)\Microsoft VS Code\bin;.]
2018-06-10 10:49:58.143  INFO 15820 --- [localhost-startStop-1] o.a.c.c.C.[Tomcat].[localhost].[/]       : Initializing Spring embedded WebApplicationContext
2018-06-10 10:49:58.143  INFO 15820 --- [localhost-startStop-1] o.s.web.context.ContextLoader            : Root WebApplicationContext: initialization completed in 920 ms
2018-06-10 10:49:58.320  INFO 15820 --- [localhost-startStop-1] o.s.b.w.servlet.ServletRegistrationBean  : Servlet dispatcherServlet mapped to [/]
2018-06-10 10:49:58.326  INFO 15820 --- [localhost-startStop-1] o.s.b.w.servlet.FilterRegistrationBean   : Mapping filter: 'characterEncodingFilter' to: [/*]
2018-06-10 10:49:58.326  INFO 15820 --- [localhost-startStop-1] o.s.b.w.servlet.FilterRegistrationBean   : Mapping filter: 'hiddenHttpMethodFilter' to: [/*]
2018-06-10 10:49:58.327  INFO 15820 --- [localhost-startStop-1] o.s.b.w.servlet.FilterRegistrationBean   : Mapping filter: 'httpPutFormContentFilter' to: [/*]
2018-06-10 10:49:58.327  INFO 15820 --- [localhost-startStop-1] o.s.b.w.servlet.FilterRegistrationBean   : Mapping filter: 'requestContextFilter' to: [/*]
2018-06-10 10:49:58.456  INFO 15820 --- [main] o.s.w.s.handler.SimpleUrlHandlerMapping  : Mapped URL path [/**/favicon.ico] onto handler of type [class org.springframework.web.servlet.resource.ResourceHttpRequestHandler]
2018-06-10 10:49:58.614  INFO 15820 --- [main] s.w.s.m.m.a.RequestMappingHandlerAdapter : Looking for @ControllerAdvice: org.springframework.boot.web.servlet.context.AnnotationConfigServletWebServerApplicationContext@70be0a2b: startup date [Sun Jun 10 10:49:57 CST 2018]; root of context hierarchy
2018-06-10 10:49:58.661  INFO 15820 --- [main] s.w.s.m.m.a.RequestMappingHandlerMapping : Mapped "{[/c/getsinfo],methods=[POST]}" onto public org.springframework.http.ResponseEntity<org.redrock.graduate.bean.Stu> org.redrock.graduate.Controller.InfoController.GetSInfo(javax.servlet.http.HttpSession)
2018-06-10 10:49:58.662  INFO 15820 --- [main] s.w.s.m.m.a.RequestMappingHandlerMapping : Mapped "{[/c/setsinfo],methods=[POST]}" onto public org.springframework.http.ResponseEntity<org.redrock.graduate.bean.Stu> org.redrock.graduate.Controller.InfoController.SetSInfo(javax.servlet.http.HttpServletRequest,javax.servlet.http.HttpSession) throws java.io.UnsupportedEncodingException
2018-06-10 10:49:58.663  INFO 15820 --- [main] s.w.s.m.m.a.RequestMappingHandlerMapping : Mapped "{[/u/upload],methods=[POST]}" onto public org.springframework.http.ResponseEntity<org.redrock.graduate.bean.Msg> org.redrock.graduate.Controller.UplController.singleFileUpload(java.lang.String,java.lang.String)
2018-06-10 10:49:58.665  INFO 15820 --- [main] s.w.s.m.m.a.RequestMappingHandlerMapping : Mapped "{[/error]}" onto public org.springframework.http.ResponseEntity<java.util.Map<java.lang.String, java.lang.Object>> org.springframework.boot.autoconfigure.web.servlet.error.BasicErrorController.error(javax.servlet.http.HttpServletRequest)
2018-06-10 10:49:58.667  INFO 15820 --- [main] s.w.s.m.m.a.RequestMappingHandlerMapping : Mapped "{[/error],produces=[text/html]}" onto public org.springframework.web.servlet.ModelAndView org.springframework.boot.autoconfigure.web.servlet.error.BasicErrorController.errorHtml(javax.servlet.http.HttpServletRequest,javax.servlet.http.HttpServletResponse)
2018-06-10 10:49:58.684  INFO 15820 --- [main] o.s.w.s.handler.SimpleUrlHandlerMapping  : Mapped URL path [/webjars/**] onto handler of type [class org.springframework.web.servlet.resource.ResourceHttpRequestHandler]
2018-06-10 10:49:58.684  INFO 15820 --- [main] o.s.w.s.handler.SimpleUrlHandlerMapping  : Mapped URL path [/**] onto handler of type [class org.springframework.web.servlet.resource.ResourceHttpRequestHandler]
2018-06-10 10:49:58.793  INFO 15820 --- [main] o.s.j.e.a.AnnotationMBeanExporter        : Registering beans for JMX exposure on startup
2018-06-10 10:49:58.837  INFO 15820 --- [main] o.s.b.w.embedded.tomcat.TomcatWebServer  : Tomcat started on port(s): 8080 (http) with context path ''
2018-06-10 10:49:58.840  INFO 15820 --- [main] o.redrock.graduate.GraduateApplication   : Started GraduateApplication in 2.035 seconds (JVM running for 3.128)
