2018-06-10 10:49:02.709  INFO 13568 --- [main] o.redrock.graduate.GraduateApplication   : Starting GraduateApplication on admin-PC with PID 13568 (C:\Users\admin\Desktop\graduate\target\classes started by admin in C:\Users\admin\Desktop\graduate)
2018-06-10 10:49:02.712  INFO 13568 --- [main] o.redrock.graduate.GraduateApplication   : No active profile set, falling back to default profiles: default
2018-06-10 10:49:02.750  INFO 13568 --- [main] ConfigServletWebServerApplicationContext : Refreshing org.springframework.boot.web.servlet.context.AnnotationConfigServletWebServerApplicationContext@13c10b87: startup date [Sun Jun 10 10:49:02 CST 2018]; root of context hierarchy
2018-06-10 10:49:03.562  INFO 13568 --- [main] o.s.b.w.embedded.tomcat.TomcatWebServer  : Tomcat initialized with port(s): 8080 (http)
2018-06-10 10:49:03.582  INFO 13568 --- [main] o.apache.catalina.core.StandardService   : Starting service [Tomcat]
2018-06-10 10:49:03.582  INFO 13568 --- [main] org.apache.catalina.core.StandardEngine  : Starting Servlet Engine: Apache Tomcat/8.5.31
2018-06-10 10:49:03.585  INFO 13568 --- [localhost-startStop-1] o.a.catalina.core.AprLifecycleListener   : The APR based Apache Tomcat Native library which allows optimal performance in production environments was not found on the java.library.path: [C:\Program Files\Java\jdk1.8.0_102\bin;C:\Windows\Sun\Java\bin;C:\Windows\system32;C:\Windows;C:\Program Files\Java\jdk1.8.0_102\bin;C:\ProgramData\Oracle\Java\javapath;C:\Windows\system32;C:\Windows;C:\Windows\System32\Wbem;C:\Windows\System32\WindowsPowerShell\v1.0\;C:\Program Files (x86)\NVIDIA Corporation\PhysX\Common;C:\Program Files (x86)\Common Files\microsoft shared\TigerKin;D:\Git\cmd;C:\Users\admin\.dnx\bin;C:\Program Files\Microsoft DNX\Dnvm\;C:\Program Files (x86)\Common Files\microsoft shared\TigerKin;C:\Windows\system32\config\systemprofile\.dnx\bin;C:\Program Files\Microsoft DNX\Dnvm\;C:\Program Files (x86)\Windows Kits\8.1\Windows Performance Toolkit\;C:\Program Files\Microsoft SQL Server\130\Tools\Binn\;C:\Users\admin\AppData\Local\Programs\Python\Python35\Scripts\;C:\Users\admin\AppData\Local\Programs\Python\Python35\;D:\phpStudy\php\php-7.0.12-nts\;C:\Program Files (x86)\Microsoft VS Code\bin;.]
2018-06-10 10:49:03.742  INFO 13568 --- [localhost-startStop-1] o.a.c.c.C.[Tomcat].[localhost].[/]       : Initializing Spring embedded WebApplicationContext
2018-06-10 10:49:03.743  INFO 13568 --- [localhost-startStop-1] o.s.web.context.ContextLoader            : Root WebApplicationContext: initialization completed in 993 ms
2018-06-10 10:49:03.928  INFO 13568 --- [localhost-startStop-1] o.s.b.w.servlet.ServletRegistrationBean  : Servlet dispatcherServlet mapped to [/]
2018-06-10 10:49:03.932  INFO 13568 --- [localhost-startStop-1] o.s.b.w.servlet.FilterRegistrationBean   : Mapping filter: 'characterEncodingFilter' to: [/*]
2018-06-10 10:49:03.933  INFO 13568 --- [localhost-startStop-1] o.s.b.w.servlet.FilterRegistrationBean   : Mapping filter: 'hiddenHttpMethodFilter' to: [/*]
2018-06-10 10:49:03.933  INFO 13568 --- [localhost-startStop-1] o.s.b.w.servlet.FilterRegistrationBean   : Mapping filter: 'httpPutFormContentFilter' to: [/*]
2018-06-10 10:49:03.933  INFO 13568 --- [localhost-startStop-1] o.s.b.w.servlet.FilterRegistrationBean   : Mapping filter: 'requestContextFilter' to: [/*]
2018-06-10 10:49:04.058  INFO 13568 --- [main] o.s.w.s.handler.SimpleUrlHandlerMapping  : Mapped URL path [/**/favicon.ico] onto handler of type [class org.springframework.web.servlet.resource.ResourceHttpRequestHandler]
2018-06-10 10:49:04.213  INFO 13568 --- [main] s.w.s.m.m.a.RequestMappingHandlerAdapter : Looking for @ControllerAdvice: org.springframework.boot.web.servlet.context.AnnotationConfigServletWebServerApplicationContext@13c10b87: startup date [Sun Jun 10 10:49:02 CST 2018]; root of context hierarchy
2018-06-10 10:49:04.259  INFO 13568 --- [main] s.w.s.m.m.a.RequestMappingHandlerMapping : Mapped "{[/c/getsinfo],methods=[POST]}" onto public org.springframework.http.ResponseEntity<org.redrock.graduate.bean.Stu> org.redrock.graduate.Controller.InfoController.GetSInfo(javax.servlet.http.HttpSession)
2018-06-10 10:49:04.260  INFO 13568 --- [main] s.w.s.m.m.a.RequestMappingHandlerMapping : Mapped "{[/c/setsinfo],methods=[POST]}" onto public org.springframework.http.ResponseEntity<org.redrock.graduate.bean.Stu> org.redrock.graduate.Controller.InfoController.SetSInfo(javax.servlet.http.HttpServletRequest,javax.servlet.http.HttpSession) throws java.io.UnsupportedEncodingException
2018-06-10 10:49:04.261  INFO 13568 --- [main] s.w.s.m.m.a.RequestMappingHandlerMapping : Mapped "{[/u/upload],methods=[POST]}" onto public org.springframework.http.ResponseEntity<org.redrock.graduate.bean.Msg> org.redrock.graduate.Controller.UplController.singleFileUpload(java.lang.String,java.lang.String)
2018-06-10 10:49:04.264  INFO 13568 --- [main] s.w.s.m.m.a.RequestMappingHandlerMapping : Mapped "{[/error]}" onto public org.springframework.http.ResponseEntity<java.util.Map<java.lang.String, java.lang.Object>> org.springframework.boot.autoconfigure.web.servlet.error.BasicErrorController.error(javax.servlet.http.HttpServletRequest)
2018-06-10 10:49:04.265  INFO 13568 --- [main] s.w.s.m.m.a.RequestMappingHandlerMapping : Mapped "{[/error],produces=[text/html]}" onto public org.springframework.web.servlet.ModelAndView org.springframework.boot.autoconfigure.web.servlet.error.BasicErrorController.errorHtml(javax.servlet.http.HttpServletRequest,javax.servlet.http.HttpServletResponse)
2018-06-10 10:49:04.287  INFO 13568 --- [main] o.s.w.s.handler.SimpleUrlHandlerMapping  : Mapped URL path [/webjars/**] onto handler of type [class org.springframework.web.servlet.resource.ResourceHttpRequestHandler]
2018-06-10 10:49:04.287  INFO 13568 --- [main] o.s.w.s.handler.SimpleUrlHandlerMapping  : Mapped URL path [/**] onto handler of type [class org.springframework.web.servlet.resource.ResourceHttpRequestHandler]
2018-06-10 10:49:04.418  INFO 13568 --- [main] o.s.j.e.a.AnnotationMBeanExporter        : Registering beans for JMX exposure on startup
2018-06-10 10:49:04.466  INFO 13568 --- [main] o.s.b.w.embedded.tomcat.TomcatWebServer  : Tomcat started on port(s): 8080 (http) with context path ''
2018-06-10 10:49:04.470  INFO 13568 --- [main] o.redrock.graduate.GraduateApplication   : Started GraduateApplication in 2.115 seconds (JVM running for 3.258)
2018-06-10 10:49:26.313  INFO 13568 --- [http-nio-8080-exec-1] o.a.c.c.C.[Tomcat].[localhost].[/]       : Initializing Spring FrameworkServlet 'dispatcherServlet'
2018-06-10 10:49:26.314  INFO 13568 --- [http-nio-8080-exec-1] o.s.web.servlet.DispatcherServlet        : FrameworkServlet 'dispatcherServlet': initialization started
2018-06-10 10:49:26.339  INFO 13568 --- [http-nio-8080-exec-1] o.s.web.servlet.DispatcherServlet        : FrameworkServlet 'dispatcherServlet': initialization completed in 25 ms
2018-06-10 10:49:26.386  INFO 13568 --- [http-nio-8080-exec-1] o.r.graduate.Controller.UplController    : 开始将b64转换为MultipartFile
2018-06-10 10:49:26.395  INFO 13568 --- [http-nio-8080-exec-1] o.r.graduate.Controller.UplController    : 检查file状态
2018-06-10 10:49:26.395  INFO 13568 --- [http-nio-8080-exec-1] o.r.graduate.Controller.UplController    : 获取file名字并检查文件
2018-06-10 10:49:26.396  INFO 13568 --- [http-nio-8080-exec-1] o.r.graduate.Controller.UplController    : 尝试上传
2018-06-10 10:49:26.400  INFO 13568 --- [http-nio-8080-exec-1] o.r.graduate.Controller.UplController    : 上传成功
2018-06-10 10:50:29.637  INFO 11388 --- [main] o.redrock.graduate.GraduateApplication   : Starting GraduateApplication on admin-PC with PID 11388 (C:\Users\admin\Desktop\graduate\target\classes started by admin in C:\Users\admin\Desktop\graduate)
2018-06-10 10:50:29.640  INFO 11388 --- [main] o.redrock.graduate.GraduateApplication   : No active profile set, falling back to default profiles: default
2018-06-10 10:50:29.675  INFO 11388 --- [main] ConfigServletWebServerApplicationContext : Refreshing org.springframework.boot.web.servlet.context.AnnotationConfigServletWebServerApplicationContext@75329a49: startup date [Sun Jun 10 10:50:29 CST 2018]; root of context hierarchy
2018-06-10 10:50:30.481  INFO 11388 --- [main] o.s.b.w.embedded.tomcat.TomcatWebServer  : Tomcat initialized with port(s): 8080 (http)
2018-06-10 10:50:30.499  INFO 11388 --- [main] o.apache.catalina.core.StandardService   : Starting service [Tomcat]
2018-06-10 10:50:30.499  INFO 11388 --- [main] org.apache.catalina.core.StandardEngine  : Starting Servlet Engine: Apache Tomcat/8.5.31
2018-06-10 10:50:30.502  INFO 11388 --- [localhost-startStop-1] o.a.catalina.core.AprLifecycleListener   : The APR based Apache Tomcat Native library which allows optimal performance in production environments was not found on the java.library.path: [C:\Program Files\Java\jdk1.8.0_102\bin;C:\Windows\Sun\Java\bin;C:\Windows\system32;C:\Windows;C:\Program Files\Java\jdk1.8.0_102\bin;C:\ProgramData\Oracle\Java\javapath;C:\Windows\system32;C:\Windows;C:\Windows\System32\Wbem;C:\Windows\System32\WindowsPowerShell\v1.0\;C:\Program Files (x86)\NVIDIA Corporation\PhysX\Common;C:\Program Files (x86)\Common Files\microsoft shared\TigerKin;D:\Git\cmd;C:\Users\admin\.dnx\bin;C:\Program Files\Microsoft DNX\Dnvm\;C:\Program Files (x86)\Common Files\microsoft shared\TigerKin;C:\Windows\system32\config\systemprofile\.dnx\bin;C:\Program Files\Microsoft DNX\Dnvm\;C:\Program Files (x86)\Windows Kits\8.1\Windows Performance Toolkit\;C:\Program Files\Microsoft SQL Server\130\Tools\Binn\;C:\Users\admin\AppData\Local\Programs\Python\Python35\Scripts\;C:\Users\admin\AppData\Local\Programs\Python\Python35\;D:\phpStudy\php\php-7.0.12-nts\;C:\Program Files (x86)\Microsoft VS Code\bin;.]
2018-06-10 10:50:30.622  INFO 11388 --- [localhost-startStop-1] o.a.c.c.C.[Tomcat].[localhost].[/]       : Initializing Spring embedded WebApplicationContext
2018-06-10 10:50:30.623  INFO 11388 --- [localhost-startStop-1] o.s.web.context.ContextLoader            : Root WebApplicationContext: initialization completed in 948 ms
2018-06-10 10:50:30.764  INFO 11388 --- [localhost-startStop-1] o.s.b.w.servlet.ServletRegistrationBean  : Servlet dispatcherServlet mapped to [/]
2018-06-10 10:50:30.768  INFO 11388 --- [localhost-startStop-1] o.s.b.w.servlet.FilterRegistrationBean   : Mapping filter: 'characterEncodingFilter' to: [/*]
2018-06-10 10:50:30.768  INFO 11388 --- [localhost-startStop-1] o.s.b.w.servlet.FilterRegistrationBean   : Mapping filter: 'hiddenHttpMethodFilter' to: [/*]
2018-06-10 10:50:30.769  INFO 11388 --- [localhost-startStop-1] o.s.b.w.servlet.FilterRegistrationBean   : Mapping filter: 'httpPutFormContentFilter' to: [/*]
2018-06-10 10:50:30.770  INFO 11388 --- [localhost-startStop-1] o.s.b.w.servlet.FilterRegistrationBean   : Mapping filter: 'requestContextFilter' to: [/*]
2018-06-10 10:50:30.877  INFO 11388 --- [main] o.s.w.s.handler.SimpleUrlHandlerMapping  : Mapped URL path [/**/favicon.ico] onto handler of type [class org.springframework.web.servlet.resource.ResourceHttpRequestHandler]
2018-06-10 10:50:31.037  INFO 11388 --- [main] s.w.s.m.m.a.RequestMappingHandlerAdapter : Looking for @ControllerAdvice: org.springframework.boot.web.servlet.context.AnnotationConfigServletWebServerApplicationContext@75329a49: startup date [Sun Jun 10 10:50:29 CST 2018]; root of context hierarchy
2018-06-10 10:50:31.089  INFO 11388 --- [main] s.w.s.m.m.a.RequestMappingHandlerMapping : Mapped "{[/c/getsinfo],methods=[POST]}" onto public org.springframework.http.ResponseEntity<org.redrock.graduate.bean.Stu> org.redrock.graduate.Controller.InfoController.GetSInfo(javax.servlet.http.HttpSession)
2018-06-10 10:50:31.089  INFO 11388 --- [main] s.w.s.m.m.a.RequestMappingHandlerMapping : Mapped "{[/c/setsinfo],methods=[POST]}" onto public org.springframework.http.ResponseEntity<org.redrock.graduate.bean.Stu> org.redrock.graduate.Controller.InfoController.SetSInfo(javax.servlet.http.HttpServletRequest,javax.servlet.http.HttpSession) throws java.io.UnsupportedEncodingException
2018-06-10 10:50:31.090  INFO 11388 --- [main] s.w.s.m.m.a.RequestMappingHandlerMapping : Mapped "{[/u/upload],methods=[POST]}" onto public org.springframework.http.ResponseEntity<org.redrock.graduate.bean.Msg> org.redrock.graduate.Controller.UplController.singleFileUpload(java.lang.String,java.lang.String)
2018-06-10 10:50:31.094  INFO 11388 --- [main] s.w.s.m.m.a.RequestMappingHandlerMapping : Mapped "{[/error]}" onto public org.springframework.http.ResponseEntity<java.util.Map<java.lang.String, java.lang.Object>> org.springframework.boot.autoconfigure.web.servlet.error.BasicErrorController.error(javax.servlet.http.HttpServletRequest)
2018-06-10 10:50:31.095  INFO 11388 --- [main] s.w.s.m.m.a.RequestMappingHandlerMapping : Mapped "{[/error],produces=[text/html]}" onto public org.springframework.web.servlet.ModelAndView org.springframework.boot.autoconfigure.web.servlet.error.BasicErrorController.errorHtml(javax.servlet.http.HttpServletRequest,javax.servlet.http.HttpServletResponse)
2018-06-10 10:50:31.115  INFO 11388 --- [main] o.s.w.s.handler.SimpleUrlHandlerMapping  : Mapped URL path [/webjars/**] onto handler of type [class org.springframework.web.servlet.resource.ResourceHttpRequestHandler]
2018-06-10 10:50:31.115  INFO 11388 --- [main] o.s.w.s.handler.SimpleUrlHandlerMapping  : Mapped URL path [/**] onto handler of type [class org.springframework.web.servlet.resource.ResourceHttpRequestHandler]
2018-06-10 10:50:31.230  INFO 11388 --- [main] o.s.j.e.a.AnnotationMBeanExporter        : Registering beans for JMX exposure on startup
2018-06-10 10:50:31.280  INFO 11388 --- [main] o.s.b.w.embedded.tomcat.TomcatWebServer  : Tomcat started on port(s): 8080 (http) with context path ''
2018-06-10 10:50:31.285  INFO 11388 --- [main] o.redrock.graduate.GraduateApplication   : Started GraduateApplication in 2.002 seconds (JVM running for 3.26)
2018-06-10 10:56:37.577  INFO 11388 --- [http-nio-8080-exec-1] o.a.c.c.C.[Tomcat].[localhost].[/]       : Initializing Spring FrameworkServlet 'dispatcherServlet'
2018-06-10 10:56:37.578  INFO 11388 --- [http-nio-8080-exec-1] o.s.web.servlet.DispatcherServlet        : FrameworkServlet 'dispatcherServlet': initialization started
2018-06-10 10:56:37.602  INFO 11388 --- [http-nio-8080-exec-1] o.s.web.servlet.DispatcherServlet        : FrameworkServlet 'dispatcherServlet': initialization completed in 23 ms
2018-06-10 11:31:58.459  INFO 11388 --- [http-nio-8080-exec-4] o.r.graduate.Controller.UplController    : 开始将b64转换为MultipartFile
2018-06-10 11:31:58.469 ERROR 11388 --- [http-nio-8080-exec-4] o.a.c.c.C.[.[.[/].[dispatcherServlet]    : Servlet.service() for servlet [dispatcherServlet] in context with path [] threw exception [Request processing failed; nested exception is java.lang.ArrayIndexOutOfBoundsException: 1] with root cause

java.lang.ArrayIndexOutOfBoundsException: 1
	at org.redrock.graduate.util.Base64ToMultipartFile.base64ToMultipart(Base64ToMultipartFile.java:19) ~[classes/:na]
	at org.redrock.graduate.Controller.UplController.singleFileUpload(UplController.java:48) ~[classes/:na]
	at sun.reflect.NativeMethodAccessorImpl.invoke0(Native Method) ~[na:1.8.0_102]
	at sun.reflect.NativeMethodAccessorImpl.invoke(NativeMethodAccessorImpl.java:62) ~[na:1.8.0_102]
	at sun.reflect.DelegatingMethodAccessorImpl.invoke(DelegatingMethodAccessorImpl.java:43) ~[na:1.8.0_102]
	at java.lang.reflect.Method.invoke(Method.java:498) ~[na:1.8.0_102]
	at org.springframework.web.method.support.InvocableHandlerMethod.doInvoke(InvocableHandlerMethod.java:209) ~[spring-web-5.0.6.RELEASE.jar:5.0.6.RELEASE]
	at org.springframework.web.method.support.InvocableHandlerMethod.invokeForRequest(InvocableHandlerMethod.java:136) ~[spring-web-5.0.6.RELEASE.jar:5.0.6.RELEASE]
	at org.springframework.web.servlet.mvc.method.annotation.ServletInvocableHandlerMethod.invokeAndHandle(ServletInvocableHandlerMethod.java:102) ~[spring-webmvc-5.0.6.RELEASE.jar:5.0.6.RELEASE]
	at org.springframework.web.servlet.mvc.method.annotation.RequestMappingHandlerAdapter.invokeHandlerMethod(RequestMappingHandlerAdapter.java:877) ~[spring-webmvc-5.0.6.RELEASE.jar:5.0.6.RELEASE]
	at org.springframework.web.servlet.mvc.method.annotation.RequestMappingHandlerAdapter.handleInternal(RequestMappingHandlerAdapter.java:783) ~[spring-webmvc-5.0.6.RELEASE.jar:5.0.6.RELEASE]
	at org.springframework.web.servlet.mvc.method.AbstractHandlerMethodAdapter.handle(AbstractHandlerMethodAdapter.java:87) ~[spring-webmvc-5.0.6.RELEASE.jar:5.0.6.RELEASE]
	at org.springframework.web.servlet.DispatcherServlet.doDispatch(DispatcherServlet.java:991) ~[spring-webmvc-5.0.6.RELEASE.jar:5.0.6.RELEASE]
	at org.springframework.web.servlet.DispatcherServlet.doService(DispatcherServlet.java:925) ~[spring-webmvc-5.0.6.RELEASE.jar:5.0.6.RELEASE]
	at org.springframework.web.servlet.FrameworkServlet.processRequest(FrameworkServlet.java:974) ~[spring-webmvc-5.0.6.RELEASE.jar:5.0.6.RELEASE]
	at org.springframework.web.servlet.FrameworkServlet.doPost(FrameworkServlet.java:877) ~[spring-webmvc-5.0.6.RELEASE.jar:5.0.6.RELEASE]
	at javax.servlet.http.HttpServlet.service(HttpServlet.java:661) ~[tomcat-embed-core-8.5.31.jar:8.5.31]
	at org.springframework.web.servlet.FrameworkServlet.service(FrameworkServlet.java:851) ~[spring-webmvc-5.0.6.RELEASE.jar:5.0.6.RELEASE]
	at javax.servlet.http.HttpServlet.service(HttpServlet.java:742) ~[tomcat-embed-core-8.5.31.jar:8.5.31]
	at org.apache.catalina.core.ApplicationFilterChain.internalDoFilter(ApplicationFilterChain.java:231) ~[tomcat-embed-core-8.5.31.jar:8.5.31]
	at org.apache.catalina.core.ApplicationFilterChain.doFilter(ApplicationFilterChain.java:166) ~[tomcat-embed-core-8.5.31.jar:8.5.31]
	at org.apache.tomcat.websocket.server.WsFilter.doFilter(WsFilter.java:52) ~[tomcat-embed-websocket-8.5.31.jar:8.5.31]
	at org.apache.catalina.core.ApplicationFilterChain.internalDoFilter(ApplicationFilterChain.java:193) ~[tomcat-embed-core-8.5.31.jar:8.5.31]
	at org.apache.catalina.core.ApplicationFilterChain.doFilter(ApplicationFilterChain.java:166) ~[tomcat-embed-core-8.5.31.jar:8.5.31]
	at org.springframework.web.filter.RequestContextFilter.doFilterInternal(RequestContextFilter.java:99) ~[spring-web-5.0.6.RELEASE.jar:5.0.6.RELEASE]
	at org.springframework.web.filter.OncePerRequestFilter.doFilter(OncePerRequestFilter.java:107) ~[spring-web-5.0.6.RELEASE.jar:5.0.6.RELEASE]
	at org.apache.catalina.core.ApplicationFilterChain.internalDoFilter(ApplicationFilterChain.java:193) ~[tomcat-embed-core-8.5.31.jar:8.5.31]
	at org.apache.catalina.core.ApplicationFilterChain.doFilter(ApplicationFilterChain.java:166) ~[tomcat-embed-core-8.5.31.jar:8.5.31]
	at org.springframework.web.filter.HttpPutFormContentFilter.doFilterInternal(HttpPutFormContentFilter.java:109) ~[spring-web-5.0.6.RELEASE.jar:5.0.6.RELEASE]
	at org.springframework.web.filter.OncePerRequestFilter.doFilter(OncePerRequestFilter.java:107) ~[spring-web-5.0.6.RELEASE.jar:5.0.6.RELEASE]
	at org.apache.catalina.core.ApplicationFilterChain.internalDoFilter(ApplicationFilterChain.java:193) ~[tomcat-embed-core-8.5.31.jar:8.5.31]
	at org.apache.catalina.core.ApplicationFilterChain.doFilter(ApplicationFilterChain.java:166) ~[tomcat-embed-core-8.5.31.jar:8.5.31]
	at org.springframework.web.filter.HiddenHttpMethodFilter.doFilterInternal(HiddenHttpMethodFilter.java:81) ~[spring-web-5.0.6.RELEASE.jar:5.0.6.RELEASE]
	at org.springframework.web.filter.OncePerRequestFilter.doFilter(OncePerRequestFilter.java:107) ~[spring-web-5.0.6.RELEASE.jar:5.0.6.RELEASE]
	at org.apache.catalina.core.ApplicationFilterChain.internalDoFilter(ApplicationFilterChain.java:193) ~[tomcat-embed-core-8.5.31.jar:8.5.31]
	at org.apache.catalina.core.ApplicationFilterChain.doFilter(ApplicationFilterChain.java:166) ~[tomcat-embed-core-8.5.31.jar:8.5.31]
	at org.springframework.web.filter.CharacterEncodingFilter.doFilterInternal(CharacterEncodingFilter.java:200) ~[spring-web-5.0.6.RELEASE.jar:5.0.6.RELEASE]
	at org.springframework.web.filter.OncePerRequestFilter.doFilter(OncePerRequestFilter.java:107) ~[spring-web-5.0.6.RELEASE.jar:5.0.6.RELEASE]
	at org.apache.catalina.core.ApplicationFilterChain.internalDoFilter(ApplicationFilterChain.java:193) ~[tomcat-embed-core-8.5.31.jar:8.5.31]
	at org.apache.catalina.core.ApplicationFilterChain.doFilter(ApplicationFilterChain.java:166) ~[tomcat-embed-core-8.5.31.jar:8.5.31]
	at org.apache.catalina.core.StandardWrapperValve.invoke(StandardWrapperValve.java:198) ~[tomcat-embed-core-8.5.31.jar:8.5.31]
	at org.apache.catalina.core.StandardContextValve.invoke(StandardContextValve.java:96) [tomcat-embed-core-8.5.31.jar:8.5.31]
	at org.apache.catalina.authenticator.AuthenticatorBase.invoke(AuthenticatorBase.java:496) [tomcat-embed-core-8.5.31.jar:8.5.31]
	at org.apache.catalina.core.StandardHostValve.invoke(StandardHostValve.java:140) [tomcat-embed-core-8.5.31.jar:8.5.31]
	at org.apache.catalina.valves.ErrorReportValve.invoke(ErrorReportValve.java:81) [tomcat-embed-core-8.5.31.jar:8.5.31]
	at org.apache.catalina.core.StandardEngineValve.invoke(StandardEngineValve.java:87) [tomcat-embed-core-8.5.31.jar:8.5.31]
	at org.apache.catalina.connector.CoyoteAdapter.service(CoyoteAdapter.java:342) [tomcat-embed-core-8.5.31.jar:8.5.31]
	at org.apache.coyote.http11.Http11Processor.service(Http11Processor.java:803) [tomcat-embed-core-8.5.31.jar:8.5.31]
	at org.apache.coyote.AbstractProcessorLight.process(AbstractProcessorLight.java:66) [tomcat-embed-core-8.5.31.jar:8.5.31]
	at org.apache.coyote.AbstractProtocol$ConnectionHandler.process(AbstractProtocol.java:790) [tomcat-embed-core-8.5.31.jar:8.5.31]
	at org.apache.tomcat.util.net.NioEndpoint$SocketProcessor.doRun(NioEndpoint.java:1468) [tomcat-embed-core-8.5.31.jar:8.5.31]
	at org.apache.tomcat.util.net.SocketProcessorBase.run(SocketProcessorBase.java:49) [tomcat-embed-core-8.5.31.jar:8.5.31]
	at java.util.concurrent.ThreadPoolExecutor.runWorker(ThreadPoolExecutor.java:1142) [na:1.8.0_102]
	at java.util.concurrent.ThreadPoolExecutor$Worker.run(ThreadPoolExecutor.java:617) [na:1.8.0_102]
	at org.apache.tomcat.util.threads.TaskThread$WrappingRunnable.run(TaskThread.java:61) [tomcat-embed-core-8.5.31.jar:8.5.31]
	at java.lang.Thread.run(Thread.java:745) [na:1.8.0_102]

2018-06-10 13:45:02.675  INFO 11388 --- [http-nio-8080-exec-6] o.r.graduate.Controller.UplController    : 开始将b64转换为MultipartFile
2018-06-10 13:45:02.678 ERROR 11388 --- [http-nio-8080-exec-6] o.a.c.c.C.[.[.[/].[dispatcherServlet]    : Servlet.service() for servlet [dispatcherServlet] in context with path [] threw exception [Request processing failed; nested exception is java.lang.ArrayIndexOutOfBoundsException: 1] with root cause

java.lang.ArrayIndexOutOfBoundsException: 1
	at org.redrock.graduate.util.Base64ToMultipartFile.base64ToMultipart(Base64ToMultipartFile.java:19) ~[classes/:na]
	at org.redrock.graduate.Controller.UplController.singleFileUpload(UplController.java:48) ~[classes/:na]
	at sun.reflect.NativeMethodAccessorImpl.invoke0(Native Method) ~[na:1.8.0_102]
	at sun.reflect.NativeMethodAccessorImpl.invoke(NativeMethodAccessorImpl.java:62) ~[na:1.8.0_102]
	at sun.reflect.DelegatingMethodAccessorImpl.invoke(DelegatingMethodAccessorImpl.java:43) ~[na:1.8.0_102]
	at java.lang.reflect.Method.invoke(Method.java:498) ~[na:1.8.0_102]
	at org.springframework.web.method.support.InvocableHandlerMethod.doInvoke(InvocableHandlerMethod.java:209) ~[spring-web-5.0.6.RELEASE.jar:5.0.6.RELEASE]
	at org.springframework.web.method.support.InvocableHandlerMethod.invokeForRequest(InvocableHandlerMethod.java:136) ~[spring-web-5.0.6.RELEASE.jar:5.0.6.RELEASE]
	at org.springframework.web.servlet.mvc.method.annotation.ServletInvocableHandlerMethod.invokeAndHandle(ServletInvocableHandlerMethod.java:102) ~[spring-webmvc-5.0.6.RELEASE.jar:5.0.6.RELEASE]
	at org.springframework.web.servlet.mvc.method.annotation.RequestMappingHandlerAdapter.invokeHandlerMethod(RequestMappingHandlerAdapter.java:877) ~[spring-webmvc-5.0.6.RELEASE.jar:5.0.6.RELEASE]
	at org.springframework.web.servlet.mvc.method.annotation.RequestMappingHandlerAdapter.handleInternal(RequestMappingHandlerAdapter.java:783) ~[spring-webmvc-5.0.6.RELEASE.jar:5.0.6.RELEASE]
	at org.springframework.web.servlet.mvc.method.AbstractHandlerMethodAdapter.handle(AbstractHandlerMethodAdapter.java:87) ~[spring-webmvc-5.0.6.RELEASE.jar:5.0.6.RELEASE]
	at org.springframework.web.servlet.DispatcherServlet.doDispatch(DispatcherServlet.java:991) ~[spring-webmvc-5.0.6.RELEASE.jar:5.0.6.RELEASE]
	at org.springframework.web.servlet.DispatcherServlet.doService(DispatcherServlet.java:925) ~[spring-webmvc-5.0.6.RELEASE.jar:5.0.6.RELEASE]
	at org.springframework.web.servlet.FrameworkServlet.processRequest(FrameworkServlet.java:974) ~[spring-webmvc-5.0.6.RELEASE.jar:5.0.6.RELEASE]
	at org.springframework.web.servlet.FrameworkServlet.doPost(FrameworkServlet.java:877) ~[spring-webmvc-5.0.6.RELEASE.jar:5.0.6.RELEASE]
	at javax.servlet.http.HttpServlet.service(HttpServlet.java:661) ~[tomcat-embed-core-8.5.31.jar:8.5.31]
	at org.springframework.web.servlet.FrameworkServlet.service(FrameworkServlet.java:851) ~[spring-webmvc-5.0.6.RELEASE.jar:5.0.6.RELEASE]
	at javax.servlet.http.HttpServlet.service(HttpServlet.java:742) ~[tomcat-embed-core-8.5.31.jar:8.5.31]
	at org.apache.catalina.core.ApplicationFilterChain.internalDoFilter(ApplicationFilterChain.java:231) ~[tomcat-embed-core-8.5.31.jar:8.5.31]
	at org.apache.catalina.core.ApplicationFilterChain.doFilter(ApplicationFilterChain.java:166) ~[tomcat-embed-core-8.5.31.jar:8.5.31]
	at org.apache.tomcat.websocket.server.WsFilter.doFilter(WsFilter.java:52) ~[tomcat-embed-websocket-8.5.31.jar:8.5.31]
	at org.apache.catalina.core.ApplicationFilterChain.internalDoFilter(ApplicationFilterChain.java:193) ~[tomcat-embed-core-8.5.31.jar:8.5.31]
	at org.apache.catalina.core.ApplicationFilterChain.doFilter(ApplicationFilterChain.java:166) ~[tomcat-embed-core-8.5.31.jar:8.5.31]
	at org.springframework.web.filter.RequestContextFilter.doFilterInternal(RequestContextFilter.java:99) ~[spring-web-5.0.6.RELEASE.jar:5.0.6.RELEASE]
	at org.springframework.web.filter.OncePerRequestFilter.doFilter(OncePerRequestFilter.java:107) ~[spring-web-5.0.6.RELEASE.jar:5.0.6.RELEASE]
	at org.apache.catalina.core.ApplicationFilterChain.internalDoFilter(ApplicationFilterChain.java:193) ~[tomcat-embed-core-8.5.31.jar:8.5.31]
	at org.apache.catalina.core.ApplicationFilterChain.doFilter(ApplicationFilterChain.java:166) ~[tomcat-embed-core-8.5.31.jar:8.5.31]
	at org.springframework.web.filter.HttpPutFormContentFilter.doFilterInternal(HttpPutFormContentFilter.java:109) ~[spring-web-5.0.6.RELEASE.jar:5.0.6.RELEASE]
	at org.springframework.web.filter.OncePerRequestFilter.doFilter(OncePerRequestFilter.java:107) ~[spring-web-5.0.6.RELEASE.jar:5.0.6.RELEASE]
	at org.apache.catalina.core.ApplicationFilterChain.internalDoFilter(ApplicationFilterChain.java:193) ~[tomcat-embed-core-8.5.31.jar:8.5.31]
	at org.apache.catalina.core.ApplicationFilterChain.doFilter(ApplicationFilterChain.java:166) ~[tomcat-embed-core-8.5.31.jar:8.5.31]
	at org.springframework.web.filter.HiddenHttpMethodFilter.doFilterInternal(HiddenHttpMethodFilter.java:81) ~[spring-web-5.0.6.RELEASE.jar:5.0.6.RELEASE]
	at org.springframework.web.filter.OncePerRequestFilter.doFilter(OncePerRequestFilter.java:107) ~[spring-web-5.0.6.RELEASE.jar:5.0.6.RELEASE]
	at org.apache.catalina.core.ApplicationFilterChain.internalDoFilter(ApplicationFilterChain.java:193) ~[tomcat-embed-core-8.5.31.jar:8.5.31]
	at org.apache.catalina.core.ApplicationFilterChain.doFilter(ApplicationFilterChain.java:166) ~[tomcat-embed-core-8.5.31.jar:8.5.31]
	at org.springframework.web.filter.CharacterEncodingFilter.doFilterInternal(CharacterEncodingFilter.java:200) ~[spring-web-5.0.6.RELEASE.jar:5.0.6.RELEASE]
	at org.springframework.web.filter.OncePerRequestFilter.doFilter(OncePerRequestFilter.java:107) ~[spring-web-5.0.6.RELEASE.jar:5.0.6.RELEASE]
	at org.apache.catalina.core.ApplicationFilterChain.internalDoFilter(ApplicationFilterChain.java:193) ~[tomcat-embed-core-8.5.31.jar:8.5.31]
	at org.apache.catalina.core.ApplicationFilterChain.doFilter(ApplicationFilterChain.java:166) ~[tomcat-embed-core-8.5.31.jar:8.5.31]
	at org.apache.catalina.core.StandardWrapperValve.invoke(StandardWrapperValve.java:198) ~[tomcat-embed-core-8.5.31.jar:8.5.31]
	at org.apache.catalina.core.StandardContextValve.invoke(StandardContextValve.java:96) [tomcat-embed-core-8.5.31.jar:8.5.31]
	at org.apache.catalina.authenticator.AuthenticatorBase.invoke(AuthenticatorBase.java:496) [tomcat-embed-core-8.5.31.jar:8.5.31]
	at org.apache.catalina.core.StandardHostValve.invoke(StandardHostValve.java:140) [tomcat-embed-core-8.5.31.jar:8.5.31]
	at org.apache.catalina.valves.ErrorReportValve.invoke(ErrorReportValve.java:81) [tomcat-embed-core-8.5.31.jar:8.5.31]
	at org.apache.catalina.core.StandardEngineValve.invoke(StandardEngineValve.java:87) [tomcat-embed-core-8.5.31.jar:8.5.31]
	at org.apache.catalina.connector.CoyoteAdapter.service(CoyoteAdapter.java:342) [tomcat-embed-core-8.5.31.jar:8.5.31]
	at org.apache.coyote.http11.Http11Processor.service(Http11Processor.java:803) [tomcat-embed-core-8.5.31.jar:8.5.31]
	at org.apache.coyote.AbstractProcessorLight.process(AbstractProcessorLight.java:66) [tomcat-embed-core-8.5.31.jar:8.5.31]
	at org.apache.coyote.AbstractProtocol$ConnectionHandler.process(AbstractProtocol.java:790) [tomcat-embed-core-8.5.31.jar:8.5.31]
	at org.apache.tomcat.util.net.NioEndpoint$SocketProcessor.doRun(NioEndpoint.java:1468) [tomcat-embed-core-8.5.31.jar:8.5.31]
	at org.apache.tomcat.util.net.SocketProcessorBase.run(SocketProcessorBase.java:49) [tomcat-embed-core-8.5.31.jar:8.5.31]
	at java.util.concurrent.ThreadPoolExecutor.runWorker(ThreadPoolExecutor.java:1142) [na:1.8.0_102]
	at java.util.concurrent.ThreadPoolExecutor$Worker.run(ThreadPoolExecutor.java:617) [na:1.8.0_102]
	at org.apache.tomcat.util.threads.TaskThread$WrappingRunnable.run(TaskThread.java:61) [tomcat-embed-core-8.5.31.jar:8.5.31]
	at java.lang.Thread.run(Thread.java:745) [na:1.8.0_102]

2018-06-10 13:47:38.491  INFO 11388 --- [http-nio-8080-exec-7] o.r.graduate.Controller.UplController    : 开始将b64转换为MultipartFile
2018-06-10 13:47:38.493 ERROR 11388 --- [http-nio-8080-exec-7] o.a.c.c.C.[.[.[/].[dispatcherServlet]    : Servlet.service() for servlet [dispatcherServlet] in context with path [] threw exception [Request processing failed; nested exception is java.lang.ArrayIndexOutOfBoundsException: 1] with root cause

java.lang.ArrayIndexOutOfBoundsException: 1
	at org.redrock.graduate.util.Base64ToMultipartFile.base64ToMultipart(Base64ToMultipartFile.java:19) ~[classes/:na]
	at org.redrock.graduate.Controller.UplController.singleFileUpload(UplController.java:48) ~[classes/:na]
	at sun.reflect.NativeMethodAccessorImpl.invoke0(Native Method) ~[na:1.8.0_102]
	at sun.reflect.NativeMethodAccessorImpl.invoke(NativeMethodAccessorImpl.java:62) ~[na:1.8.0_102]
	at sun.reflect.DelegatingMethodAccessorImpl.invoke(DelegatingMethodAccessorImpl.java:43) ~[na:1.8.0_102]
	at java.lang.reflect.Method.invoke(Method.java:498) ~[na:1.8.0_102]
	at org.springframework.web.method.support.InvocableHandlerMethod.doInvoke(InvocableHandlerMethod.java:209) ~[spring-web-5.0.6.RELEASE.jar:5.0.6.RELEASE]
	at org.springframework.web.method.support.InvocableHandlerMethod.invokeForRequest(InvocableHandlerMethod.java:136) ~[spring-web-5.0.6.RELEASE.jar:5.0.6.RELEASE]
	at org.springframework.web.servlet.mvc.method.annotation.ServletInvocableHandlerMethod.invokeAndHandle(ServletInvocableHandlerMethod.java:102) ~[spring-webmvc-5.0.6.RELEASE.jar:5.0.6.RELEASE]
	at org.springframework.web.servlet.mvc.method.annotation.RequestMappingHandlerAdapter.invokeHandlerMethod(RequestMappingHandlerAdapter.java:877) ~[spring-webmvc-5.0.6.RELEASE.jar:5.0.6.RELEASE]
	at org.springframework.web.servlet.mvc.method.annotation.RequestMappingHandlerAdapter.handleInternal(RequestMappingHandlerAdapter.java:783) ~[spring-webmvc-5.0.6.RELEASE.jar:5.0.6.RELEASE]
	at org.springframework.web.servlet.mvc.method.AbstractHandlerMethodAdapter.handle(AbstractHandlerMethodAdapter.java:87) ~[spring-webmvc-5.0.6.RELEASE.jar:5.0.6.RELEASE]
	at org.springframework.web.servlet.DispatcherServlet.doDispatch(DispatcherServlet.java:991) ~[spring-webmvc-5.0.6.RELEASE.jar:5.0.6.RELEASE]
	at org.springframework.web.servlet.DispatcherServlet.doService(DispatcherServlet.java:925) ~[spring-webmvc-5.0.6.RELEASE.jar:5.0.6.RELEASE]
	at org.springframework.web.servlet.FrameworkServlet.processRequest(FrameworkServlet.java:974) ~[spring-webmvc-5.0.6.RELEASE.jar:5.0.6.RELEASE]
	at org.springframework.web.servlet.FrameworkServlet.doPost(FrameworkServlet.java:877) ~[spring-webmvc-5.0.6.RELEASE.jar:5.0.6.RELEASE]
	at javax.servlet.http.HttpServlet.service(HttpServlet.java:661) ~[tomcat-embed-core-8.5.31.jar:8.5.31]
	at org.springframework.web.servlet.FrameworkServlet.service(FrameworkServlet.java:851) ~[spring-webmvc-5.0.6.RELEASE.jar:5.0.6.RELEASE]
	at javax.servlet.http.HttpServlet.service(HttpServlet.java:742) ~[tomcat-embed-core-8.5.31.jar:8.5.31]
	at org.apache.catalina.core.ApplicationFilterChain.internalDoFilter(ApplicationFilterChain.java:231) ~[tomcat-embed-core-8.5.31.jar:8.5.31]
	at org.apache.catalina.core.ApplicationFilterChain.doFilter(ApplicationFilterChain.java:166) ~[tomcat-embed-core-8.5.31.jar:8.5.31]
	at org.apache.tomcat.websocket.server.WsFilter.doFilter(WsFilter.java:52) ~[tomcat-embed-websocket-8.5.31.jar:8.5.31]
	at org.apache.catalina.core.ApplicationFilterChain.internalDoFilter(ApplicationFilterChain.java:193) ~[tomcat-embed-core-8.5.31.jar:8.5.31]
	at org.apache.catalina.core.ApplicationFilterChain.doFilter(ApplicationFilterChain.java:166) ~[tomcat-embed-core-8.5.31.jar:8.5.31]
	at org.springframework.web.filter.RequestContextFilter.doFilterInternal(RequestContextFilter.java:99) ~[spring-web-5.0.6.RELEASE.jar:5.0.6.RELEASE]
	at org.springframework.web.filter.OncePerRequestFilter.doFilter(OncePerRequestFilter.java:107) ~[spring-web-5.0.6.RELEASE.jar:5.0.6.RELEASE]
	at org.apache.catalina.core.ApplicationFilterChain.internalDoFilter(ApplicationFilterChain.java:193) ~[tomcat-embed-core-8.5.31.jar:8.5.31]
	at org.apache.catalina.core.ApplicationFilterChain.doFilter(ApplicationFilterChain.java:166) ~[tomcat-embed-core-8.5.31.jar:8.5.31]
	at org.springframework.web.filter.HttpPutFormContentFilter.doFilterInternal(HttpPutFormContentFilter.java:109) ~[spring-web-5.0.6.RELEASE.jar:5.0.6.RELEASE]
	at org.springframework.web.filter.OncePerRequestFilter.doFilter(OncePerRequestFilter.java:107) ~[spring-web-5.0.6.RELEASE.jar:5.0.6.RELEASE]
	at org.apache.catalina.core.ApplicationFilterChain.internalDoFilter(ApplicationFilterChain.java:193) ~[tomcat-embed-core-8.5.31.jar:8.5.31]
	at org.apache.catalina.core.ApplicationFilterChain.doFilter(ApplicationFilterChain.java:166) ~[tomcat-embed-core-8.5.31.jar:8.5.31]
	at org.springframework.web.filter.HiddenHttpMethodFilter.doFilterInternal(HiddenHttpMethodFilter.java:81) ~[spring-web-5.0.6.RELEASE.jar:5.0.6.RELEASE]
	at org.springframework.web.filter.OncePerRequestFilter.doFilter(OncePerRequestFilter.java:107) ~[spring-web-5.0.6.RELEASE.jar:5.0.6.RELEASE]
	at org.apache.catalina.core.ApplicationFilterChain.internalDoFilter(ApplicationFilterChain.java:193) ~[tomcat-embed-core-8.5.31.jar:8.5.31]
	at org.apache.catalina.core.ApplicationFilterChain.doFilter(ApplicationFilterChain.java:166) ~[tomcat-embed-core-8.5.31.jar:8.5.31]
	at org.springframework.web.filter.CharacterEncodingFilter.doFilterInternal(CharacterEncodingFilter.java:200) ~[spring-web-5.0.6.RELEASE.jar:5.0.6.RELEASE]
	at org.springframework.web.filter.OncePerRequestFilter.doFilter(OncePerRequestFilter.java:107) ~[spring-web-5.0.6.RELEASE.jar:5.0.6.RELEASE]
	at org.apache.catalina.core.ApplicationFilterChain.internalDoFilter(ApplicationFilterChain.java:193) ~[tomcat-embed-core-8.5.31.jar:8.5.31]
	at org.apache.catalina.core.ApplicationFilterChain.doFilter(ApplicationFilterChain.java:166) ~[tomcat-embed-core-8.5.31.jar:8.5.31]
	at org.apache.catalina.core.StandardWrapperValve.invoke(StandardWrapperValve.java:198) ~[tomcat-embed-core-8.5.31.jar:8.5.31]
	at org.apache.catalina.core.StandardContextValve.invoke(StandardContextValve.java:96) [tomcat-embed-core-8.5.31.jar:8.5.31]
	at org.apache.catalina.authenticator.AuthenticatorBase.invoke(AuthenticatorBase.java:496) [tomcat-embed-core-8.5.31.jar:8.5.31]
	at org.apache.catalina.core.StandardHostValve.invoke(StandardHostValve.java:140) [tomcat-embed-core-8.5.31.jar:8.5.31]
	at org.apache.catalina.valves.ErrorReportValve.invoke(ErrorReportValve.java:81) [tomcat-embed-core-8.5.31.jar:8.5.31]
	at org.apache.catalina.core.StandardEngineValve.invoke(StandardEngineValve.java:87) [tomcat-embed-core-8.5.31.jar:8.5.31]
	at org.apache.catalina.connector.CoyoteAdapter.service(CoyoteAdapter.java:342) [tomcat-embed-core-8.5.31.jar:8.5.31]
	at org.apache.coyote.http11.Http11Processor.service(Http11Processor.java:803) [tomcat-embed-core-8.5.31.jar:8.5.31]
	at org.apache.coyote.AbstractProcessorLight.process(AbstractProcessorLight.java:66) [tomcat-embed-core-8.5.31.jar:8.5.31]
	at org.apache.coyote.AbstractProtocol$ConnectionHandler.process(AbstractProtocol.java:790) [tomcat-embed-core-8.5.31.jar:8.5.31]
	at org.apache.tomcat.util.net.NioEndpoint$SocketProcessor.doRun(NioEndpoint.java:1468) [tomcat-embed-core-8.5.31.jar:8.5.31]
	at org.apache.tomcat.util.net.SocketProcessorBase.run(SocketProcessorBase.java:49) [tomcat-embed-core-8.5.31.jar:8.5.31]
	at java.util.concurrent.ThreadPoolExecutor.runWorker(ThreadPoolExecutor.java:1142) [na:1.8.0_102]
	at java.util.concurrent.ThreadPoolExecutor$Worker.run(ThreadPoolExecutor.java:617) [na:1.8.0_102]
	at org.apache.tomcat.util.threads.TaskThread$WrappingRunnable.run(TaskThread.java:61) [tomcat-embed-core-8.5.31.jar:8.5.31]
	at java.lang.Thread.run(Thread.java:745) [na:1.8.0_102]

2018-06-10 13:49:50.826  INFO 11388 --- [http-nio-8080-exec-8] o.r.graduate.Controller.UplController    : 开始将b64转换为MultipartFile
2018-06-10 13:49:50.828 ERROR 11388 --- [http-nio-8080-exec-8] o.a.c.c.C.[.[.[/].[dispatcherServlet]    : Servlet.service() for servlet [dispatcherServlet] in context with path [] threw exception [Request processing failed; nested exception is java.lang.ArrayIndexOutOfBoundsException: 1] with root cause

java.lang.ArrayIndexOutOfBoundsException: 1
	at org.redrock.graduate.util.Base64ToMultipartFile.base64ToMultipart(Base64ToMultipartFile.java:19) ~[classes/:na]
	at org.redrock.graduate.Controller.UplController.singleFileUpload(UplController.java:48) ~[classes/:na]
	at sun.reflect.NativeMethodAccessorImpl.invoke0(Native Method) ~[na:1.8.0_102]
	at sun.reflect.NativeMethodAccessorImpl.invoke(NativeMethodAccessorImpl.java:62) ~[na:1.8.0_102]
	at sun.reflect.DelegatingMethodAccessorImpl.invoke(DelegatingMethodAccessorImpl.java:43) ~[na:1.8.0_102]
	at java.lang.reflect.Method.invoke(Method.java:498) ~[na:1.8.0_102]
	at org.springframework.web.method.support.InvocableHandlerMethod.doInvoke(InvocableHandlerMethod.java:209) ~[spring-web-5.0.6.RELEASE.jar:5.0.6.RELEASE]
	at org.springframework.web.method.support.InvocableHandlerMethod.invokeForRequest(InvocableHandlerMethod.java:136) ~[spring-web-5.0.6.RELEASE.jar:5.0.6.RELEASE]
	at org.springframework.web.servlet.mvc.method.annotation.ServletInvocableHandlerMethod.invokeAndHandle(ServletInvocableHandlerMethod.java:102) ~[spring-webmvc-5.0.6.RELEASE.jar:5.0.6.RELEASE]
	at org.springframework.web.servlet.mvc.method.annotation.RequestMappingHandlerAdapter.invokeHandlerMethod(RequestMappingHandlerAdapter.java:877) ~[spring-webmvc-5.0.6.RELEASE.jar:5.0.6.RELEASE]
	at org.springframework.web.servlet.mvc.method.annotation.RequestMappingHandlerAdapter.handleInternal(RequestMappingHandlerAdapter.java:783) ~[spring-webmvc-5.0.6.RELEASE.jar:5.0.6.RELEASE]
	at org.springframework.web.servlet.mvc.method.AbstractHandlerMethodAdapter.handle(AbstractHandlerMethodAdapter.java:87) ~[spring-webmvc-5.0.6.RELEASE.jar:5.0.6.RELEASE]
	at org.springframework.web.servlet.DispatcherServlet.doDispatch(DispatcherServlet.java:991) ~[spring-webmvc-5.0.6.RELEASE.jar:5.0.6.RELEASE]
	at org.springframework.web.servlet.DispatcherServlet.doService(DispatcherServlet.java:925) ~[spring-webmvc-5.0.6.RELEASE.jar:5.0.6.RELEASE]
	at org.springframework.web.servlet.FrameworkServlet.processRequest(FrameworkServlet.java:974) ~[spring-webmvc-5.0.6.RELEASE.jar:5.0.6.RELEASE]
	at org.springframework.web.servlet.FrameworkServlet.doPost(FrameworkServlet.java:877) ~[spring-webmvc-5.0.6.RELEASE.jar:5.0.6.RELEASE]
	at javax.servlet.http.HttpServlet.service(HttpServlet.java:661) ~[tomcat-embed-core-8.5.31.jar:8.5.31]
	at org.springframework.web.servlet.FrameworkServlet.service(FrameworkServlet.java:851) ~[spring-webmvc-5.0.6.RELEASE.jar:5.0.6.RELEASE]
	at javax.servlet.http.HttpServlet.service(HttpServlet.java:742) ~[tomcat-embed-core-8.5.31.jar:8.5.31]
	at org.apache.catalina.core.ApplicationFilterChain.internalDoFilter(ApplicationFilterChain.java:231) ~[tomcat-embed-core-8.5.31.jar:8.5.31]
	at org.apache.catalina.core.ApplicationFilterChain.doFilter(ApplicationFilterChain.java:166) ~[tomcat-embed-core-8.5.31.jar:8.5.31]
	at org.apache.tomcat.websocket.server.WsFilter.doFilter(WsFilter.java:52) ~[tomcat-embed-websocket-8.5.31.jar:8.5.31]
	at org.apache.catalina.core.ApplicationFilterChain.internalDoFilter(ApplicationFilterChain.java:193) ~[tomcat-embed-core-8.5.31.jar:8.5.31]
	at org.apache.catalina.core.ApplicationFilterChain.doFilter(ApplicationFilterChain.java:166) ~[tomcat-embed-core-8.5.31.jar:8.5.31]
	at org.springframework.web.filter.RequestContextFilter.doFilterInternal(RequestContextFilter.java:99) ~[spring-web-5.0.6.RELEASE.jar:5.0.6.RELEASE]
	at org.springframework.web.filter.OncePerRequestFilter.doFilter(OncePerRequestFilter.java:107) ~[spring-web-5.0.6.RELEASE.jar:5.0.6.RELEASE]
	at org.apache.catalina.core.ApplicationFilterChain.internalDoFilter(ApplicationFilterChain.java:193) ~[tomcat-embed-core-8.5.31.jar:8.5.31]
	at org.apache.catalina.core.ApplicationFilterChain.doFilter(ApplicationFilterChain.java:166) ~[tomcat-embed-core-8.5.31.jar:8.5.31]
	at org.springframework.web.filter.HttpPutFormContentFilter.doFilterInternal(HttpPutFormContentFilter.java:109) ~[spring-web-5.0.6.RELEASE.jar:5.0.6.RELEASE]
	at org.springframework.web.filter.OncePerRequestFilter.doFilter(OncePerRequestFilter.java:107) ~[spring-web-5.0.6.RELEASE.jar:5.0.6.RELEASE]
	at org.apache.catalina.core.ApplicationFilterChain.internalDoFilter(ApplicationFilterChain.java:193) ~[tomcat-embed-core-8.5.31.jar:8.5.31]
	at org.apache.catalina.core.ApplicationFilterChain.doFilter(ApplicationFilterChain.java:166) ~[tomcat-embed-core-8.5.31.jar:8.5.31]
	at org.springframework.web.filter.HiddenHttpMethodFilter.doFilterInternal(HiddenHttpMethodFilter.java:81) ~[spring-web-5.0.6.RELEASE.jar:5.0.6.RELEASE]
	at org.springframework.web.filter.OncePerRequestFilter.doFilter(OncePerRequestFilter.java:107) ~[spring-web-5.0.6.RELEASE.jar:5.0.6.RELEASE]
	at org.apache.catalina.core.ApplicationFilterChain.internalDoFilter(ApplicationFilterChain.java:193) ~[tomcat-embed-core-8.5.31.jar:8.5.31]
	at org.apache.catalina.core.ApplicationFilterChain.doFilter(ApplicationFilterChain.java:166) ~[tomcat-embed-core-8.5.31.jar:8.5.31]
	at org.springframework.web.filter.CharacterEncodingFilter.doFilterInternal(CharacterEncodingFilter.java:200) ~[spring-web-5.0.6.RELEASE.jar:5.0.6.RELEASE]
	at org.springframework.web.filter.OncePerRequestFilter.doFilter(OncePerRequestFilter.java:107) ~[spring-web-5.0.6.RELEASE.jar:5.0.6.RELEASE]
	at org.apache.catalina.core.ApplicationFilterChain.internalDoFilter(ApplicationFilterChain.java:193) ~[tomcat-embed-core-8.5.31.jar:8.5.31]
	at org.apache.catalina.core.ApplicationFilterChain.doFilter(ApplicationFilterChain.java:166) ~[tomcat-embed-core-8.5.31.jar:8.5.31]
	at org.apache.catalina.core.StandardWrapperValve.invoke(StandardWrapperValve.java:198) ~[tomcat-embed-core-8.5.31.jar:8.5.31]
	at org.apache.catalina.core.StandardContextValve.invoke(StandardContextValve.java:96) [tomcat-embed-core-8.5.31.jar:8.5.31]
	at org.apache.catalina.authenticator.AuthenticatorBase.invoke(AuthenticatorBase.java:496) [tomcat-embed-core-8.5.31.jar:8.5.31]
	at org.apache.catalina.core.StandardHostValve.invoke(StandardHostValve.java:140) [tomcat-embed-core-8.5.31.jar:8.5.31]
	at org.apache.catalina.valves.ErrorReportValve.invoke(ErrorReportValve.java:81) [tomcat-embed-core-8.5.31.jar:8.5.31]
	at org.apache.catalina.core.StandardEngineValve.invoke(StandardEngineValve.java:87) [tomcat-embed-core-8.5.31.jar:8.5.31]
	at org.apache.catalina.connector.CoyoteAdapter.service(CoyoteAdapter.java:342) [tomcat-embed-core-8.5.31.jar:8.5.31]
	at org.apache.coyote.http11.Http11Processor.service(Http11Processor.java:803) [tomcat-embed-core-8.5.31.jar:8.5.31]
	at org.apache.coyote.AbstractProcessorLight.process(AbstractProcessorLight.java:66) [tomcat-embed-core-8.5.31.jar:8.5.31]
	at org.apache.coyote.AbstractProtocol$ConnectionHandler.process(AbstractProtocol.java:790) [tomcat-embed-core-8.5.31.jar:8.5.31]
	at org.apache.tomcat.util.net.NioEndpoint$SocketProcessor.doRun(NioEndpoint.java:1468) [tomcat-embed-core-8.5.31.jar:8.5.31]
	at org.apache.tomcat.util.net.SocketProcessorBase.run(SocketProcessorBase.java:49) [tomcat-embed-core-8.5.31.jar:8.5.31]
	at java.util.concurrent.ThreadPoolExecutor.runWorker(ThreadPoolExecutor.java:1142) [na:1.8.0_102]
	at java.util.concurrent.ThreadPoolExecutor$Worker.run(ThreadPoolExecutor.java:617) [na:1.8.0_102]
	at org.apache.tomcat.util.threads.TaskThread$WrappingRunnable.run(TaskThread.java:61) [tomcat-embed-core-8.5.31.jar:8.5.31]
	at java.lang.Thread.run(Thread.java:745) [na:1.8.0_102]

2018-06-10 13:52:15.237  INFO 11388 --- [http-nio-8080-exec-9] o.r.graduate.Controller.UplController    : 开始将b64转换为MultipartFile
2018-06-10 13:52:15.242  INFO 11388 --- [http-nio-8080-exec-9] o.r.graduate.Controller.UplController    : 检查file状态
2018-06-10 13:52:15.242  INFO 11388 --- [http-nio-8080-exec-9] o.r.graduate.Controller.UplController    : 获取file名字并检查文件
2018-06-10 13:52:15.243  INFO 11388 --- [http-nio-8080-exec-9] o.r.graduate.Controller.UplController    : 尝试上传
2018-06-10 13:52:15.246  INFO 11388 --- [http-nio-8080-exec-9] o.r.graduate.Controller.UplController    : 上传成功
2018-06-10 14:17:31.706  INFO 11388 --- [http-nio-8080-exec-2] o.r.graduate.Controller.UplController    : 开始将b64转换为MultipartFile
2018-06-10 14:17:31.711  INFO 11388 --- [http-nio-8080-exec-2] o.r.graduate.Controller.UplController    : 检查file状态
2018-06-10 14:17:31.713  INFO 11388 --- [http-nio-8080-exec-2] o.r.graduate.Controller.UplController    : 获取file名字并检查文件
2018-06-10 14:17:31.713  INFO 11388 --- [http-nio-8080-exec-2] o.r.graduate.Controller.UplController    : 尝试上传
2018-06-10 14:17:31.716  INFO 11388 --- [http-nio-8080-exec-2] o.r.graduate.Controller.UplController    : 上传成功
2018-06-10 14:17:42.408  INFO 11388 --- [http-nio-8080-exec-3] o.r.graduate.Controller.UplController    : 开始将b64转换为MultipartFile
2018-06-10 14:17:42.413  INFO 11388 --- [http-nio-8080-exec-3] o.r.graduate.Controller.UplController    : 检查file状态
2018-06-10 14:17:42.413  INFO 11388 --- [http-nio-8080-exec-3] o.r.graduate.Controller.UplController    : 获取file名字并检查文件
2018-06-10 14:17:42.413  INFO 11388 --- [http-nio-8080-exec-3] o.r.graduate.Controller.UplController    : 尝试上传
2018-06-10 14:17:42.415  INFO 11388 --- [http-nio-8080-exec-3] o.r.graduate.Controller.UplController    : 上传成功
2018-06-10 14:18:08.975  INFO 11388 --- [http-nio-8080-exec-4] o.r.graduate.Controller.UplController    : 开始将b64转换为MultipartFile
2018-06-10 14:18:08.980  INFO 11388 --- [http-nio-8080-exec-4] o.r.graduate.Controller.UplController    : 检查file状态
2018-06-10 14:18:08.981  INFO 11388 --- [http-nio-8080-exec-4] o.r.graduate.Controller.UplController    : 获取file名字并检查文件
2018-06-10 14:18:08.981  INFO 11388 --- [http-nio-8080-exec-4] o.r.graduate.Controller.UplController    : 尝试上传
2018-06-10 14:18:08.984  INFO 11388 --- [http-nio-8080-exec-4] o.r.graduate.Controller.UplController    : 上传成功
2018-06-10 14:29:49.505  INFO 11388 --- [http-nio-8080-exec-8] o.r.graduate.Controller.UplController    : 开始将b64转换为MultipartFile
2018-06-10 14:29:49.508  INFO 11388 --- [http-nio-8080-exec-8] o.r.graduate.Controller.UplController    : 检查file状态
2018-06-10 14:29:49.508  INFO 11388 --- [http-nio-8080-exec-8] o.r.graduate.Controller.UplController    : 获取file名字并检查文件
2018-06-10 14:29:49.509  INFO 11388 --- [http-nio-8080-exec-8] o.r.graduate.Controller.UplController    : 尝试上传
2018-06-10 14:29:49.511  INFO 11388 --- [http-nio-8080-exec-8] o.r.graduate.Controller.UplController    : 上传成功
2018-06-10 14:31:42.007  INFO 11388 --- [http-nio-8080-exec-10] o.r.graduate.Controller.UplController    : 开始将b64转换为MultipartFile
2018-06-10 14:31:42.011  INFO 11388 --- [http-nio-8080-exec-10] o.r.graduate.Controller.UplController    : 检查file状态
2018-06-10 14:31:42.012  INFO 11388 --- [http-nio-8080-exec-10] o.r.graduate.Controller.UplController    : 获取file名字并检查文件
2018-06-10 14:31:42.012  INFO 11388 --- [http-nio-8080-exec-10] o.r.graduate.Controller.UplController    : 尝试上传
2018-06-10 14:31:42.016  INFO 11388 --- [http-nio-8080-exec-10] o.r.graduate.Controller.UplController    : 上传成功
2018-06-10 14:32:45.588  INFO 11388 --- [http-nio-8080-exec-2] o.r.graduate.Controller.UplController    : 开始将b64转换为MultipartFile
2018-06-10 14:32:45.591  INFO 11388 --- [http-nio-8080-exec-2] o.r.graduate.Controller.UplController    : 检查file状态
2018-06-10 14:32:45.591  INFO 11388 --- [http-nio-8080-exec-2] o.r.graduate.Controller.UplController    : 获取file名字并检查文件
2018-06-10 14:32:45.591  INFO 11388 --- [http-nio-8080-exec-2] o.r.graduate.Controller.UplController    : 尝试上传
2018-06-10 14:32:45.595  INFO 11388 --- [http-nio-8080-exec-2] o.r.graduate.Controller.UplController    : 上传成功
2018-06-10 14:47:00.667  INFO 11388 --- [http-nio-8080-exec-4] o.r.graduate.Controller.UplController    : 开始将b64转换为MultipartFile
2018-06-10 14:47:00.668  INFO 11388 --- [http-nio-8080-exec-4] o.r.graduate.Controller.UplController    : 检查file状态
2018-06-10 14:47:00.669  INFO 11388 --- [http-nio-8080-exec-4] o.r.graduate.Controller.UplController    : 获取file名字并检查文件
2018-06-10 14:47:00.669  INFO 11388 --- [http-nio-8080-exec-4] o.r.graduate.Controller.UplController    : 尝试上传
2018-06-10 14:47:00.672  INFO 11388 --- [http-nio-8080-exec-4] o.r.graduate.Controller.UplController    : 上传成功
2018-06-10 15:07:16.137  INFO 11388 --- [http-nio-8080-exec-7] o.r.graduate.Controller.UplController    : 开始将b64转换为MultipartFile
2018-06-10 15:07:16.140  INFO 11388 --- [http-nio-8080-exec-7] o.r.graduate.Controller.UplController    : 检查file状态
2018-06-10 15:07:16.140  INFO 11388 --- [http-nio-8080-exec-7] o.r.graduate.Controller.UplController    : 获取file名字并检查文件
2018-06-10 15:07:16.141  INFO 11388 --- [http-nio-8080-exec-7] o.r.graduate.Controller.UplController    : 尝试上传
2018-06-10 15:07:16.143  INFO 11388 --- [http-nio-8080-exec-7] o.r.graduate.Controller.UplController    : 上传成功
2018-06-10 15:08:33.059  INFO 11388 --- [http-nio-8080-exec-9] o.r.graduate.Controller.UplController    : 开始将b64转换为MultipartFile
2018-06-10 15:08:33.063  INFO 11388 --- [http-nio-8080-exec-9] o.r.graduate.Controller.UplController    : 检查file状态
2018-06-10 15:08:33.064  INFO 11388 --- [http-nio-8080-exec-9] o.r.graduate.Controller.UplController    : 获取file名字并检查文件
2018-06-10 15:08:33.064  INFO 11388 --- [http-nio-8080-exec-9] o.r.graduate.Controller.UplController    : 尝试上传
2018-06-10 15:08:33.066  INFO 11388 --- [http-nio-8080-exec-9] o.r.graduate.Controller.UplController    : 上传成功
2018-06-10 15:08:54.417  INFO 11388 --- [http-nio-8080-exec-10] o.r.graduate.Controller.UplController    : 开始将b64转换为MultipartFile
2018-06-10 15:08:54.420  INFO 11388 --- [http-nio-8080-exec-10] o.r.graduate.Controller.UplController    : 检查file状态
2018-06-10 15:08:54.420  INFO 11388 --- [http-nio-8080-exec-10] o.r.graduate.Controller.UplController    : 获取file名字并检查文件
2018-06-10 15:08:54.421  INFO 11388 --- [http-nio-8080-exec-10] o.r.graduate.Controller.UplController    : 尝试上传
2018-06-10 15:08:54.422  INFO 11388 --- [http-nio-8080-exec-10] o.r.graduate.Controller.UplController    : 上传成功
2018-06-10 15:10:20.115  INFO 11388 --- [http-nio-8080-exec-2] o.r.graduate.Controller.UplController    : 开始将b64转换为MultipartFile
2018-06-10 15:10:20.118  INFO 11388 --- [http-nio-8080-exec-2] o.r.graduate.Controller.UplController    : 检查file状态
2018-06-10 15:10:20.118  INFO 11388 --- [http-nio-8080-exec-2] o.r.graduate.Controller.UplController    : 获取file名字并检查文件
2018-06-10 15:10:20.118  INFO 11388 --- [http-nio-8080-exec-2] o.r.graduate.Controller.UplController    : 尝试上传
2018-06-10 15:10:20.130  INFO 11388 --- [http-nio-8080-exec-2] o.r.graduate.Controller.UplController    : 上传成功
2018-06-10 15:11:17.149  INFO 11388 --- [http-nio-8080-exec-4] o.r.graduate.Controller.UplController    : 开始将b64转换为MultipartFile
2018-06-10 15:11:17.151  INFO 11388 --- [http-nio-8080-exec-4] o.r.graduate.Controller.UplController    : 检查file状态
2018-06-10 15:11:17.151  INFO 11388 --- [http-nio-8080-exec-4] o.r.graduate.Controller.UplController    : 获取file名字并检查文件
2018-06-10 15:11:17.152  INFO 11388 --- [http-nio-8080-exec-4] o.r.graduate.Controller.UplController    : 尝试上传
2018-06-10 15:11:17.155  INFO 11388 --- [http-nio-8080-exec-4] o.r.graduate.Controller.UplController    : 上传成功
2018-06-10 15:11:47.855  INFO 11388 --- [http-nio-8080-exec-5] o.r.graduate.Controller.UplController    : 开始将b64转换为MultipartFile
2018-06-10 15:11:47.858  INFO 11388 --- [http-nio-8080-exec-5] o.r.graduate.Controller.UplController    : 检查file状态
2018-06-10 15:11:47.859  INFO 11388 --- [http-nio-8080-exec-5] o.r.graduate.Controller.UplController    : 获取file名字并检查文件
2018-06-10 15:11:47.859  INFO 11388 --- [http-nio-8080-exec-5] o.r.graduate.Controller.UplController    : 尝试上传
2018-06-10 15:11:47.862  INFO 11388 --- [http-nio-8080-exec-5] o.r.graduate.Controller.UplController    : 上传成功
2018-06-10 15:11:53.253  INFO 11408 --- [main] o.redrock.graduate.GraduateApplication   : Starting GraduateApplication on admin-PC with PID 11408 (C:\Users\admin\Desktop\graduate\target\classes started by admin in C:\Users\admin\Desktop\graduate)
2018-06-10 15:11:53.255  INFO 11408 --- [main] o.redrock.graduate.GraduateApplication   : No active profile set, falling back to default profiles: default
2018-06-10 15:11:53.294  INFO 11408 --- [main] ConfigServletWebServerApplicationContext : Refreshing org.springframework.boot.web.servlet.context.AnnotationConfigServletWebServerApplicationContext@78aab498: startup date [Sun Jun 10 15:11:53 CST 2018]; root of context hierarchy
2018-06-10 15:11:54.145  INFO 11408 --- [main] o.s.b.w.embedded.tomcat.TomcatWebServer  : Tomcat initialized with port(s): 8080 (http)
2018-06-10 15:11:54.166  INFO 11408 --- [main] o.apache.catalina.core.StandardService   : Starting service [Tomcat]
2018-06-10 15:11:54.166  INFO 11408 --- [main] org.apache.catalina.core.StandardEngine  : Starting Servlet Engine: Apache Tomcat/8.5.31
2018-06-10 15:11:54.169  INFO 11408 --- [localhost-startStop-1] o.a.catalina.core.AprLifecycleListener   : The APR based Apache Tomcat Native library which allows optimal performance in production environments was not found on the java.library.path: [C:\Program Files\Java\jdk1.8.0_102\bin;C:\Windows\Sun\Java\bin;C:\Windows\system32;C:\Windows;C:\Program Files\Java\jdk1.8.0_102\bin;C:\ProgramData\Oracle\Java\javapath;C:\Windows\system32;C:\Windows;C:\Windows\System32\Wbem;C:\Windows\System32\WindowsPowerShell\v1.0\;C:\Program Files (x86)\NVIDIA Corporation\PhysX\Common;C:\Program Files (x86)\Common Files\microsoft shared\TigerKin;D:\Git\cmd;C:\Users\admin\.dnx\bin;C:\Program Files\Microsoft DNX\Dnvm\;C:\Program Files (x86)\Common Files\microsoft shared\TigerKin;C:\Windows\system32\config\systemprofile\.dnx\bin;C:\Program Files\Microsoft DNX\Dnvm\;C:\Program Files (x86)\Windows Kits\8.1\Windows Performance Toolkit\;C:\Program Files\Microsoft SQL Server\130\Tools\Binn\;C:\Users\admin\AppData\Local\Programs\Python\Python35\Scripts\;C:\Users\admin\AppData\Local\Programs\Python\Python35\;D:\phpStudy\php\php-7.0.12-nts\;C:\Program Files (x86)\Microsoft VS Code\bin;.]
2018-06-10 15:11:54.303  INFO 11408 --- [localhost-startStop-1] o.a.c.c.C.[Tomcat].[localhost].[/]       : Initializing Spring embedded WebApplicationContext
2018-06-10 15:11:54.304  INFO 11408 --- [localhost-startStop-1] o.s.web.context.ContextLoader            : Root WebApplicationContext: initialization completed in 1010 ms
2018-06-10 15:11:54.476  INFO 11408 --- [localhost-startStop-1] o.s.b.w.servlet.ServletRegistrationBean  : Servlet dispatcherServlet mapped to [/]
2018-06-10 15:11:54.482  INFO 11408 --- [localhost-startStop-1] o.s.b.w.servlet.FilterRegistrationBean   : Mapping filter: 'characterEncodingFilter' to: [/*]
2018-06-10 15:11:54.483  INFO 11408 --- [localhost-startStop-1] o.s.b.w.servlet.FilterRegistrationBean   : Mapping filter: 'hiddenHttpMethodFilter' to: [/*]
2018-06-10 15:11:54.483  INFO 11408 --- [localhost-startStop-1] o.s.b.w.servlet.FilterRegistrationBean   : Mapping filter: 'httpPutFormContentFilter' to: [/*]
2018-06-10 15:11:54.483  INFO 11408 --- [localhost-startStop-1] o.s.b.w.servlet.FilterRegistrationBean   : Mapping filter: 'requestContextFilter' to: [/*]
2018-06-10 15:11:54.601  INFO 11408 --- [main] o.s.w.s.handler.SimpleUrlHandlerMapping  : Mapped URL path [/**/favicon.ico] onto handler of type [class org.springframework.web.servlet.resource.ResourceHttpRequestHandler]
2018-06-10 15:11:54.780  INFO 11408 --- [main] s.w.s.m.m.a.RequestMappingHandlerAdapter : Looking for @ControllerAdvice: org.springframework.boot.web.servlet.context.AnnotationConfigServletWebServerApplicationContext@78aab498: startup date [Sun Jun 10 15:11:53 CST 2018]; root of context hierarchy
2018-06-10 15:11:54.830  INFO 11408 --- [main] s.w.s.m.m.a.RequestMappingHandlerMapping : Mapped "{[/c/getsinfo],methods=[POST]}" onto public org.springframework.http.ResponseEntity<org.redrock.graduate.bean.Stu> org.redrock.graduate.Controller.InfoController.GetSInfo(javax.servlet.http.HttpSession)
2018-06-10 15:11:54.831  INFO 11408 --- [main] s.w.s.m.m.a.RequestMappingHandlerMapping : Mapped "{[/c/setsinfo],methods=[POST]}" onto public org.springframework.http.ResponseEntity<org.redrock.graduate.bean.Stu> org.redrock.graduate.Controller.InfoController.SetSInfo(javax.servlet.http.HttpServletRequest,javax.servlet.http.HttpSession) throws java.io.UnsupportedEncodingException
2018-06-10 15:11:54.832  INFO 11408 --- [main] s.w.s.m.m.a.RequestMappingHandlerMapping : Mapped "{[/u/upload],methods=[POST]}" onto public org.springframework.http.ResponseEntity<org.redrock.graduate.bean.Msg> org.redrock.graduate.Controller.UplController.singleFileUpload(java.lang.String,java.lang.String)
2018-06-10 15:11:54.835  INFO 11408 --- [main] s.w.s.m.m.a.RequestMappingHandlerMapping : Mapped "{[/error]}" onto public org.springframework.http.ResponseEntity<java.util.Map<java.lang.String, java.lang.Object>> org.springframework.boot.autoconfigure.web.servlet.error.BasicErrorController.error(javax.servlet.http.HttpServletRequest)
2018-06-10 15:11:54.836  INFO 11408 --- [main] s.w.s.m.m.a.RequestMappingHandlerMapping : Mapped "{[/error],produces=[text/html]}" onto public org.springframework.web.servlet.ModelAndView org.springframework.boot.autoconfigure.web.servlet.error.BasicErrorController.errorHtml(javax.servlet.http.HttpServletRequest,javax.servlet.http.HttpServletResponse)
2018-06-10 15:11:54.856  INFO 11408 --- [main] o.s.w.s.handler.SimpleUrlHandlerMapping  : Mapped URL path [/webjars/**] onto handler of type [class org.springframework.web.servlet.resource.ResourceHttpRequestHandler]
2018-06-10 15:11:54.856  INFO 11408 --- [main] o.s.w.s.handler.SimpleUrlHandlerMapping  : Mapped URL path [/**] onto handler of type [class org.springframework.web.servlet.resource.ResourceHttpRequestHandler]
2018-06-10 15:11:54.979  INFO 11408 --- [main] o.s.j.e.a.AnnotationMBeanExporter        : Registering beans for JMX exposure on startup
2018-06-10 15:11:55.029  INFO 11408 --- [main] o.s.b.w.embedded.tomcat.TomcatWebServer  : Tomcat started on port(s): 8080 (http) with context path ''
2018-06-10 15:11:55.033  INFO 11408 --- [main] o.redrock.graduate.GraduateApplication   : Started GraduateApplication in 2.203 seconds (JVM running for 3.538)
2018-06-10 15:13:40.488  INFO 15348 --- [main] o.redrock.graduate.GraduateApplication   : Starting GraduateApplication on admin-PC with PID 15348 (C:\Users\admin\Desktop\graduate\target\classes started by admin in C:\Users\admin\Desktop\graduate)
2018-06-10 15:13:40.490  INFO 15348 --- [main] o.redrock.graduate.GraduateApplication   : No active profile set, falling back to default profiles: default
2018-06-10 15:13:40.525  INFO 15348 --- [main] ConfigServletWebServerApplicationContext : Refreshing org.springframework.boot.web.servlet.context.AnnotationConfigServletWebServerApplicationContext@1d082e88: startup date [Sun Jun 10 15:13:40 CST 2018]; root of context hierarchy
2018-06-10 15:13:41.345  INFO 15348 --- [main] o.s.b.w.embedded.tomcat.TomcatWebServer  : Tomcat initialized with port(s): 8080 (http)
2018-06-10 15:13:41.365  INFO 15348 --- [main] o.apache.catalina.core.StandardService   : Starting service [Tomcat]
2018-06-10 15:13:41.366  INFO 15348 --- [main] org.apache.catalina.core.StandardEngine  : Starting Servlet Engine: Apache Tomcat/8.5.31
2018-06-10 15:13:41.370  INFO 15348 --- [localhost-startStop-1] o.a.catalina.core.AprLifecycleListener   : The APR based Apache Tomcat Native library which allows optimal performance in production environments was not found on the java.library.path: [C:\Program Files\Java\jdk1.8.0_102\bin;C:\Windows\Sun\Java\bin;C:\Windows\system32;C:\Windows;C:\Program Files\Java\jdk1.8.0_102\bin;C:\ProgramData\Oracle\Java\javapath;C:\Windows\system32;C:\Windows;C:\Windows\System32\Wbem;C:\Windows\System32\WindowsPowerShell\v1.0\;C:\Program Files (x86)\NVIDIA Corporation\PhysX\Common;C:\Program Files (x86)\Common Files\microsoft shared\TigerKin;D:\Git\cmd;C:\Users\admin\.dnx\bin;C:\Program Files\Microsoft DNX\Dnvm\;C:\Program Files (x86)\Common Files\microsoft shared\TigerKin;C:\Windows\system32\config\systemprofile\.dnx\bin;C:\Program Files\Microsoft DNX\Dnvm\;C:\Program Files (x86)\Windows Kits\8.1\Windows Performance Toolkit\;C:\Program Files\Microsoft SQL Server\130\Tools\Binn\;C:\Users\admin\AppData\Local\Programs\Python\Python35\Scripts\;C:\Users\admin\AppData\Local\Programs\Python\Python35\;D:\phpStudy\php\php-7.0.12-nts\;C:\Program Files (x86)\Microsoft VS Code\bin;.]
2018-06-10 15:13:41.498  INFO 15348 --- [localhost-startStop-1] o.a.c.c.C.[Tomcat].[localhost].[/]       : Initializing Spring embedded WebApplicationContext
2018-06-10 15:13:41.499  INFO 15348 --- [localhost-startStop-1] o.s.web.context.ContextLoader            : Root WebApplicationContext: initialization completed in 974 ms
2018-06-10 15:13:41.667  INFO 15348 --- [localhost-startStop-1] o.s.b.w.servlet.ServletRegistrationBean  : Servlet dispatcherServlet mapped to [/]
2018-06-10 15:13:41.672  INFO 15348 --- [localhost-startStop-1] o.s.b.w.servlet.FilterRegistrationBean   : Mapping filter: 'characterEncodingFilter' to: [/*]
2018-06-10 15:13:41.672  INFO 15348 --- [localhost-startStop-1] o.s.b.w.servlet.FilterRegistrationBean   : Mapping filter: 'hiddenHttpMethodFilter' to: [/*]
2018-06-10 15:13:41.673  INFO 15348 --- [localhost-startStop-1] o.s.b.w.servlet.FilterRegistrationBean   : Mapping filter: 'httpPutFormContentFilter' to: [/*]
2018-06-10 15:13:41.673  INFO 15348 --- [localhost-startStop-1] o.s.b.w.servlet.FilterRegistrationBean   : Mapping filter: 'requestContextFilter' to: [/*]
2018-06-10 15:13:41.798  INFO 15348 --- [main] o.s.w.s.handler.SimpleUrlHandlerMapping  : Mapped URL path [/**/favicon.ico] onto handler of type [class org.springframework.web.servlet.resource.ResourceHttpRequestHandler]
2018-06-10 15:13:41.964  INFO 15348 --- [main] s.w.s.m.m.a.RequestMappingHandlerAdapter : Looking for @ControllerAdvice: org.springframework.boot.web.servlet.context.AnnotationConfigServletWebServerApplicationContext@1d082e88: startup date [Sun Jun 10 15:13:40 CST 2018]; root of context hierarchy
2018-06-10 15:13:42.014  INFO 15348 --- [main] s.w.s.m.m.a.RequestMappingHandlerMapping : Mapped "{[/c/getsinfo],methods=[POST]}" onto public org.springframework.http.ResponseEntity<org.redrock.graduate.bean.Stu> org.redrock.graduate.Controller.InfoController.GetSInfo(javax.servlet.http.HttpSession)
2018-06-10 15:13:42.015  INFO 15348 --- [main] s.w.s.m.m.a.RequestMappingHandlerMapping : Mapped "{[/c/setsinfo],methods=[POST]}" onto public org.springframework.http.ResponseEntity<org.redrock.graduate.bean.Stu> org.redrock.graduate.Controller.InfoController.SetSInfo(javax.servlet.http.HttpServletRequest,javax.servlet.http.HttpSession) throws java.io.UnsupportedEncodingException
2018-06-10 15:13:42.016  INFO 15348 --- [main] s.w.s.m.m.a.RequestMappingHandlerMapping : Mapped "{[/u/upload],methods=[POST]}" onto public org.springframework.http.ResponseEntity<org.redrock.graduate.bean.Msg> org.redrock.graduate.Controller.UplController.singleFileUpload(java.lang.String,java.lang.String)
2018-06-10 15:13:42.018  INFO 15348 --- [main] s.w.s.m.m.a.RequestMappingHandlerMapping : Mapped "{[/error]}" onto public org.springframework.http.ResponseEntity<java.util.Map<java.lang.String, java.lang.Object>> org.springframework.boot.autoconfigure.web.servlet.error.BasicErrorController.error(javax.servlet.http.HttpServletRequest)
2018-06-10 15:13:42.019  INFO 15348 --- [main] s.w.s.m.m.a.RequestMappingHandlerMapping : Mapped "{[/error],produces=[text/html]}" onto public org.springframework.web.servlet.ModelAndView org.springframework.boot.autoconfigure.web.servlet.error.BasicErrorController.errorHtml(javax.servlet.http.HttpServletRequest,javax.servlet.http.HttpServletResponse)
2018-06-10 15:13:42.040  INFO 15348 --- [main] o.s.w.s.handler.SimpleUrlHandlerMapping  : Mapped URL path [/webjars/**] onto handler of type [class org.springframework.web.servlet.resource.ResourceHttpRequestHandler]
2018-06-10 15:13:42.040  INFO 15348 --- [main] o.s.w.s.handler.SimpleUrlHandlerMapping  : Mapped URL path [/**] onto handler of type [class org.springframework.web.servlet.resource.ResourceHttpRequestHandler]
2018-06-10 15:13:42.158  INFO 15348 --- [main] o.s.j.e.a.AnnotationMBeanExporter        : Registering beans for JMX exposure on startup
2018-06-10 15:13:42.205  INFO 15348 --- [main] o.s.b.w.embedded.tomcat.TomcatWebServer  : Tomcat started on port(s): 8080 (http) with context path ''
2018-06-10 15:13:42.209  INFO 15348 --- [main] o.redrock.graduate.GraduateApplication   : Started GraduateApplication in 2.141 seconds (JVM running for 3.284)
2018-06-10 15:22:36.647  INFO 15348 --- [http-nio-8080-exec-1] o.a.c.c.C.[Tomcat].[localhost].[/]       : Initializing Spring FrameworkServlet 'dispatcherServlet'
2018-06-10 15:22:36.648  INFO 15348 --- [http-nio-8080-exec-1] o.s.web.servlet.DispatcherServlet        : FrameworkServlet 'dispatcherServlet': initialization started
2018-06-10 15:22:36.677  INFO 15348 --- [http-nio-8080-exec-1] o.s.web.servlet.DispatcherServlet        : FrameworkServlet 'dispatcherServlet': initialization completed in 28 ms
2018-06-10 15:22:36.721  INFO 15348 --- [http-nio-8080-exec-1] o.r.graduate.Controller.UplController    : 开始将b64转换为MultipartFile
2018-06-10 15:22:36.731  INFO 15348 --- [http-nio-8080-exec-1] o.r.graduate.Controller.UplController    : 检查file状态
2018-06-10 15:22:36.731  INFO 15348 --- [http-nio-8080-exec-1] o.r.graduate.Controller.UplController    : 获取file名字并检查文件 原名:
2018-06-10 15:22:36.732  INFO 15348 --- [http-nio-8080-exec-1] o.r.graduate.Controller.UplController    : 尝试上传
2018-06-10 15:22:36.738  INFO 15348 --- [http-nio-8080-exec-1] o.r.graduate.Controller.UplController    : 上传成功
2018-06-10 15:26:16.002  INFO 6632 --- [main] o.r.graduate.GraduateApplicationTests    : Starting GraduateApplicationTests on admin-PC with PID 6632 (started by admin in C:\Users\admin\Desktop\graduate)
2018-06-10 15:26:16.003  INFO 6632 --- [main] o.r.graduate.GraduateApplicationTests    : No active profile set, falling back to default profiles: default
2018-06-10 15:26:16.046  INFO 6632 --- [main] o.s.w.c.s.GenericWebApplicationContext   : Refreshing org.springframework.web.context.support.GenericWebApplicationContext@2a8448fa: startup date [Sun Jun 10 15:26:16 CST 2018]; root of context hierarchy
2018-06-10 15:26:17.420  INFO 6632 --- [main] o.s.w.s.handler.SimpleUrlHandlerMapping  : Mapped URL path [/**/favicon.ico] onto handler of type [class org.springframework.web.servlet.resource.ResourceHttpRequestHandler]
2018-06-10 15:26:17.668  INFO 6632 --- [main] s.w.s.m.m.a.RequestMappingHandlerAdapter : Looking for @ControllerAdvice: org.springframework.web.context.support.GenericWebApplicationContext@2a8448fa: startup date [Sun Jun 10 15:26:16 CST 2018]; root of context hierarchy
2018-06-10 15:26:17.757  INFO 6632 --- [main] s.w.s.m.m.a.RequestMappingHandlerMapping : Mapped "{[/c/setsinfo],methods=[POST]}" onto public org.springframework.http.ResponseEntity<org.redrock.graduate.bean.Stu> org.redrock.graduate.Controller.InfoController.SetSInfo(javax.servlet.http.HttpServletRequest,javax.servlet.http.HttpSession) throws java.io.UnsupportedEncodingException
2018-06-10 15:26:17.758  INFO 6632 --- [main] s.w.s.m.m.a.RequestMappingHandlerMapping : Mapped "{[/c/getsinfo],methods=[POST]}" onto public org.springframework.http.ResponseEntity<org.redrock.graduate.bean.Stu> org.redrock.graduate.Controller.InfoController.GetSInfo(javax.servlet.http.HttpSession)
2018-06-10 15:26:17.759  INFO 6632 --- [main] s.w.s.m.m.a.RequestMappingHandlerMapping : Mapped "{[/u/upload],methods=[POST]}" onto public org.springframework.http.ResponseEntity<org.redrock.graduate.bean.Msg> org.redrock.graduate.Controller.UplController.singleFileUpload(java.lang.String,java.lang.String)
2018-06-10 15:26:17.763  INFO 6632 --- [main] s.w.s.m.m.a.RequestMappingHandlerMapping : Mapped "{[/error]}" onto public org.springframework.http.ResponseEntity<java.util.Map<java.lang.String, java.lang.Object>> org.springframework.boot.autoconfigure.web.servlet.error.BasicErrorController.error(javax.servlet.http.HttpServletRequest)
2018-06-10 15:26:17.764  INFO 6632 --- [main] s.w.s.m.m.a.RequestMappingHandlerMapping : Mapped "{[/error],produces=[text/html]}" onto public org.springframework.web.servlet.ModelAndView org.springframework.boot.autoconfigure.web.servlet.error.BasicErrorController.errorHtml(javax.servlet.http.HttpServletRequest,javax.servlet.http.HttpServletResponse)
2018-06-10 15:26:17.797  INFO 6632 --- [main] o.s.w.s.handler.SimpleUrlHandlerMapping  : Mapped URL path [/webjars/**] onto handler of type [class org.springframework.web.servlet.resource.ResourceHttpRequestHandler]
2018-06-10 15:26:17.797  INFO 6632 --- [main] o.s.w.s.handler.SimpleUrlHandlerMapping  : Mapped URL path [/**] onto handler of type [class org.springframework.web.servlet.resource.ResourceHttpRequestHandler]
2018-06-10 15:26:18.609  INFO 6632 --- [main] o.r.graduate.GraduateApplicationTests    : Started GraduateApplicationTests in 3.032 seconds (JVM running for 4.103)
2018-06-10 15:26:18.876  INFO 6632 --- [Thread-2] o.s.w.c.s.GenericWebApplicationContext   : Closing org.springframework.web.context.support.GenericWebApplicationContext@2a8448fa: startup date [Sun Jun 10 15:26:16 CST 2018]; root of context hierarchy
2018-06-10 15:32:13.835  INFO 9224 --- [main] o.redrock.graduate.GraduateApplication   : Starting GraduateApplication on admin-PC with PID 9224 (C:\Users\admin\Desktop\graduate\target\classes started by admin in C:\Users\admin\Desktop\graduate)
2018-06-10 15:32:13.838  INFO 9224 --- [main] o.redrock.graduate.GraduateApplication   : No active profile set, falling back to default profiles: default
2018-06-10 15:32:13.889  INFO 9224 --- [main] ConfigServletWebServerApplicationContext : Refreshing org.springframework.boot.web.servlet.context.AnnotationConfigServletWebServerApplicationContext@13bc8645: startup date [Sun Jun 10 15:32:13 CST 2018]; root of context hierarchy
2018-06-10 15:32:16.608  INFO 13744 --- [main] o.redrock.graduate.GraduateApplication   : Starting GraduateApplication on admin-PC with PID 13744 (C:\Users\admin\Desktop\graduate\target\classes started by admin in C:\Users\admin\Desktop\graduate)
2018-06-10 15:32:16.610  INFO 13744 --- [main] o.redrock.graduate.GraduateApplication   : No active profile set, falling back to default profiles: default
2018-06-10 15:32:16.644  INFO 13744 --- [main] ConfigServletWebServerApplicationContext : Refreshing org.springframework.boot.web.servlet.context.AnnotationConfigServletWebServerApplicationContext@3c9d0b9d: startup date [Sun Jun 10 15:32:16 CST 2018]; root of context hierarchy
2018-06-10 15:32:17.470  INFO 13744 --- [main] o.s.b.w.embedded.tomcat.TomcatWebServer  : Tomcat initialized with port(s): 8080 (http)
2018-06-10 15:32:17.490  INFO 13744 --- [main] o.apache.catalina.core.StandardService   : Starting service [Tomcat]
2018-06-10 15:32:17.490  INFO 13744 --- [main] org.apache.catalina.core.StandardEngine  : Starting Servlet Engine: Apache Tomcat/8.5.31
2018-06-10 15:32:17.494  INFO 13744 --- [localhost-startStop-1] o.a.catalina.core.AprLifecycleListener   : The APR based Apache Tomcat Native library which allows optimal performance in production environments was not found on the java.library.path: [C:\Program Files\Java\jdk1.8.0_102\bin;C:\Windows\Sun\Java\bin;C:\Windows\system32;C:\Windows;C:\Program Files\Java\jdk1.8.0_102\bin;C:\ProgramData\Oracle\Java\javapath;C:\Windows\system32;C:\Windows;C:\Windows\System32\Wbem;C:\Windows\System32\WindowsPowerShell\v1.0\;C:\Program Files (x86)\NVIDIA Corporation\PhysX\Common;C:\Program Files (x86)\Common Files\microsoft shared\TigerKin;D:\Git\cmd;C:\Users\admin\.dnx\bin;C:\Program Files\Microsoft DNX\Dnvm\;C:\Program Files (x86)\Common Files\microsoft shared\TigerKin;C:\Windows\system32\config\systemprofile\.dnx\bin;C:\Program Files\Microsoft DNX\Dnvm\;C:\Program Files (x86)\Windows Kits\8.1\Windows Performance Toolkit\;C:\Program Files\Microsoft SQL Server\130\Tools\Binn\;C:\Users\admin\AppData\Local\Programs\Python\Python35\Scripts\;C:\Users\admin\AppData\Local\Programs\Python\Python35\;D:\phpStudy\php\php-7.0.12-nts\;C:\Program Files (x86)\Microsoft VS Code\bin;.]
2018-06-10 15:32:17.628  INFO 13744 --- [localhost-startStop-1] o.a.c.c.C.[Tomcat].[localhost].[/]       : Initializing Spring embedded WebApplicationContext
2018-06-10 15:32:17.629  INFO 13744 --- [localhost-startStop-1] o.s.web.context.ContextLoader            : Root WebApplicationContext: initialization completed in 986 ms
2018-06-10 15:32:17.795  INFO 13744 --- [localhost-startStop-1] o.s.b.w.servlet.ServletRegistrationBean  : Servlet dispatcherServlet mapped to [/]
2018-06-10 15:32:17.800  INFO 13744 --- [localhost-startStop-1] o.s.b.w.servlet.FilterRegistrationBean   : Mapping filter: 'characterEncodingFilter' to: [/*]
2018-06-10 15:32:17.800  INFO 13744 --- [localhost-startStop-1] o.s.b.w.servlet.FilterRegistrationBean   : Mapping filter: 'hiddenHttpMethodFilter' to: [/*]
2018-06-10 15:32:17.801  INFO 13744 --- [localhost-startStop-1] o.s.b.w.servlet.FilterRegistrationBean   : Mapping filter: 'httpPutFormContentFilter' to: [/*]
2018-06-10 15:32:17.801  INFO 13744 --- [localhost-startStop-1] o.s.b.w.servlet.FilterRegistrationBean   : Mapping filter: 'requestContextFilter' to: [/*]
2018-06-10 15:32:17.912  INFO 13744 --- [main] o.s.w.s.handler.SimpleUrlHandlerMapping  : Mapped URL path [/**/favicon.ico] onto handler of type [class org.springframework.web.servlet.resource.ResourceHttpRequestHandler]
2018-06-10 15:32:18.069  INFO 13744 --- [main] s.w.s.m.m.a.RequestMappingHandlerAdapter : Looking for @ControllerAdvice: org.springframework.boot.web.servlet.context.AnnotationConfigServletWebServerApplicationContext@3c9d0b9d: startup date [Sun Jun 10 15:32:16 CST 2018]; root of context hierarchy
2018-06-10 15:32:18.117  INFO 13744 --- [main] s.w.s.m.m.a.RequestMappingHandlerMapping : Mapped "{[/c/getsinfo],methods=[POST]}" onto public org.springframework.http.ResponseEntity<org.redrock.graduate.bean.Stu> org.redrock.graduate.Controller.InfoController.GetSInfo(javax.servlet.http.HttpSession)
2018-06-10 15:32:18.118  INFO 13744 --- [main] s.w.s.m.m.a.RequestMappingHandlerMapping : Mapped "{[/c/setsinfo],methods=[POST]}" onto public org.springframework.http.ResponseEntity<org.redrock.graduate.bean.Stu> org.redrock.graduate.Controller.InfoController.SetSInfo(javax.servlet.http.HttpServletRequest,javax.servlet.http.HttpSession) throws java.io.UnsupportedEncodingException
2018-06-10 15:32:18.119  INFO 13744 --- [main] s.w.s.m.m.a.RequestMappingHandlerMapping : Mapped "{[/u/upload],methods=[POST]}" onto public org.springframework.http.ResponseEntity<org.redrock.graduate.bean.Msg> org.redrock.graduate.Controller.UplController.singleFileUpload(java.lang.String,java.lang.String)
2018-06-10 15:32:18.121  INFO 13744 --- [main] s.w.s.m.m.a.RequestMappingHandlerMapping : Mapped "{[/error]}" onto public org.springframework.http.ResponseEntity<java.util.Map<java.lang.String, java.lang.Object>> org.springframework.boot.autoconfigure.web.servlet.error.BasicErrorController.error(javax.servlet.http.HttpServletRequest)
2018-06-10 15:32:18.122  INFO 13744 --- [main] s.w.s.m.m.a.RequestMappingHandlerMapping : Mapped "{[/error],produces=[text/html]}" onto public org.springframework.web.servlet.ModelAndView org.springframework.boot.autoconfigure.web.servlet.error.BasicErrorController.errorHtml(javax.servlet.http.HttpServletRequest,javax.servlet.http.HttpServletResponse)
2018-06-10 15:32:18.139  INFO 13744 --- [main] o.s.w.s.handler.SimpleUrlHandlerMapping  : Mapped URL path [/webjars/**] onto handler of type [class org.springframework.web.servlet.resource.ResourceHttpRequestHandler]
2018-06-10 15:32:18.140  INFO 13744 --- [main] o.s.w.s.handler.SimpleUrlHandlerMapping  : Mapped URL path [/**] onto handler of type [class org.springframework.web.servlet.resource.ResourceHttpRequestHandler]
2018-06-10 15:32:18.251  INFO 13744 --- [main] o.s.j.e.a.AnnotationMBeanExporter        : Registering beans for JMX exposure on startup
2018-06-10 15:32:18.303  INFO 13744 --- [main] o.s.b.w.embedded.tomcat.TomcatWebServer  : Tomcat started on port(s): 8080 (http) with context path ''
2018-06-10 15:32:18.306  INFO 13744 --- [main] o.redrock.graduate.GraduateApplication   : Started GraduateApplication in 2.118 seconds (JVM running for 3.669)
2018-06-10 15:32:24.366  INFO 13744 --- [http-nio-8080-exec-1] o.a.c.c.C.[Tomcat].[localhost].[/]       : Initializing Spring FrameworkServlet 'dispatcherServlet'
2018-06-10 15:32:24.367  INFO 13744 --- [http-nio-8080-exec-1] o.s.web.servlet.DispatcherServlet        : FrameworkServlet 'dispatcherServlet': initialization started
2018-06-10 15:32:24.394  INFO 13744 --- [http-nio-8080-exec-1] o.s.web.servlet.DispatcherServlet        : FrameworkServlet 'dispatcherServlet': initialization completed in 26 ms
2018-06-10 15:32:24.493  INFO 13744 --- [http-nio-8080-exec-1] o.r.graduate.Controller.UplController    : 开始将b64转换为MultipartFile
2018-06-10 15:32:24.502  INFO 13744 --- [http-nio-8080-exec-1] o.r.graduate.Controller.UplController    : 检查file状态
2018-06-10 15:32:24.503  INFO 13744 --- [http-nio-8080-exec-1] o.r.graduate.Controller.UplController    : 获取file名字并检查文件 原名:
2018-06-10 15:32:24.503  INFO 13744 --- [http-nio-8080-exec-1] o.r.graduate.Controller.UplController    : 尝试上传
2018-06-10 15:32:24.506  INFO 13744 --- [http-nio-8080-exec-1] o.r.graduate.Controller.UplController    : 上传成功
2018-06-10 15:33:09.079  INFO 14572 --- [main] o.redrock.graduate.GraduateApplication   : Starting GraduateApplication on admin-PC with PID 14572 (C:\Users\admin\Desktop\graduate\target\classes started by admin in C:\Users\admin\Desktop\graduate)
2018-06-10 15:33:09.082  INFO 14572 --- [main] o.redrock.graduate.GraduateApplication   : No active profile set, falling back to default profiles: default
2018-06-10 15:33:09.128  INFO 14572 --- [main] ConfigServletWebServerApplicationContext : Refreshing org.springframework.boot.web.servlet.context.AnnotationConfigServletWebServerApplicationContext@1f3f4916: startup date [Sun Jun 10 15:33:09 CST 2018]; root of context hierarchy
2018-06-10 15:33:09.949  INFO 14572 --- [main] o.s.b.w.embedded.tomcat.TomcatWebServer  : Tomcat initialized with port(s): 8080 (http)
2018-06-10 15:33:09.970  INFO 14572 --- [main] o.apache.catalina.core.StandardService   : Starting service [Tomcat]
2018-06-10 15:33:09.970  INFO 14572 --- [main] org.apache.catalina.core.StandardEngine  : Starting Servlet Engine: Apache Tomcat/8.5.31
2018-06-10 15:33:09.973  INFO 14572 --- [localhost-startStop-1] o.a.catalina.core.AprLifecycleListener   : The APR based Apache Tomcat Native library which allows optimal performance in production environments was not found on the java.library.path: [C:\Program Files\Java\jdk1.8.0_102\bin;C:\Windows\Sun\Java\bin;C:\Windows\system32;C:\Windows;C:\Program Files\Java\jdk1.8.0_102\bin;C:\ProgramData\Oracle\Java\javapath;C:\Windows\system32;C:\Windows;C:\Windows\System32\Wbem;C:\Windows\System32\WindowsPowerShell\v1.0\;C:\Program Files (x86)\NVIDIA Corporation\PhysX\Common;C:\Program Files (x86)\Common Files\microsoft shared\TigerKin;D:\Git\cmd;C:\Users\admin\.dnx\bin;C:\Program Files\Microsoft DNX\Dnvm\;C:\Program Files (x86)\Common Files\microsoft shared\TigerKin;C:\Windows\system32\config\systemprofile\.dnx\bin;C:\Program Files\Microsoft DNX\Dnvm\;C:\Program Files (x86)\Windows Kits\8.1\Windows Performance Toolkit\;C:\Program Files\Microsoft SQL Server\130\Tools\Binn\;C:\Users\admin\AppData\Local\Programs\Python\Python35\Scripts\;C:\Users\admin\AppData\Local\Programs\Python\Python35\;D:\phpStudy\php\php-7.0.12-nts\;C:\Program Files (x86)\Microsoft VS Code\bin;.]
2018-06-10 15:33:10.115  INFO 14572 --- [localhost-startStop-1] o.a.c.c.C.[Tomcat].[localhost].[/]       : Initializing Spring embedded WebApplicationContext
2018-06-10 15:33:10.116  INFO 14572 --- [localhost-startStop-1] o.s.web.context.ContextLoader            : Root WebApplicationContext: initialization completed in 988 ms
2018-06-10 15:33:10.281  INFO 14572 --- [localhost-startStop-1] o.s.b.w.servlet.ServletRegistrationBean  : Servlet dispatcherServlet mapped to [/]
2018-06-10 15:33:10.285  INFO 14572 --- [localhost-startStop-1] o.s.b.w.servlet.FilterRegistrationBean   : Mapping filter: 'characterEncodingFilter' to: [/*]
2018-06-10 15:33:10.286  INFO 14572 --- [localhost-startStop-1] o.s.b.w.servlet.FilterRegistrationBean   : Mapping filter: 'hiddenHttpMethodFilter' to: [/*]
2018-06-10 15:33:10.286  INFO 14572 --- [localhost-startStop-1] o.s.b.w.servlet.FilterRegistrationBean   : Mapping filter: 'httpPutFormContentFilter' to: [/*]
2018-06-10 15:33:10.287  INFO 14572 --- [localhost-startStop-1] o.s.b.w.servlet.FilterRegistrationBean   : Mapping filter: 'requestContextFilter' to: [/*]
2018-06-10 15:33:10.408  INFO 14572 --- [main] o.s.w.s.handler.SimpleUrlHandlerMapping  : Mapped URL path [/**/favicon.ico] onto handler of type [class org.springframework.web.servlet.resource.ResourceHttpRequestHandler]
2018-06-10 15:33:10.565  INFO 14572 --- [main] s.w.s.m.m.a.RequestMappingHandlerAdapter : Looking for @ControllerAdvice: org.springframework.boot.web.servlet.context.AnnotationConfigServletWebServerApplicationContext@1f3f4916: startup date [Sun Jun 10 15:33:09 CST 2018]; root of context hierarchy
2018-06-10 15:33:10.617  INFO 14572 --- [main] s.w.s.m.m.a.RequestMappingHandlerMapping : Mapped "{[/c/getsinfo],methods=[POST]}" onto public org.springframework.http.ResponseEntity<org.redrock.graduate.bean.Stu> org.redrock.graduate.Controller.InfoController.GetSInfo(javax.servlet.http.HttpSession)
2018-06-10 15:33:10.617  INFO 14572 --- [main] s.w.s.m.m.a.RequestMappingHandlerMapping : Mapped "{[/c/setsinfo],methods=[POST]}" onto public org.springframework.http.ResponseEntity<org.redrock.graduate.bean.Stu> org.redrock.graduate.Controller.InfoController.SetSInfo(javax.servlet.http.HttpServletRequest,javax.servlet.http.HttpSession) throws java.io.UnsupportedEncodingException
2018-06-10 15:33:10.618  INFO 14572 --- [main] s.w.s.m.m.a.RequestMappingHandlerMapping : Mapped "{[/u/upload],methods=[POST]}" onto public org.springframework.http.ResponseEntity<org.redrock.graduate.bean.Msg> org.redrock.graduate.Controller.UplController.singleFileUpload(java.lang.String,java.lang.String)
2018-06-10 15:33:10.621  INFO 14572 --- [main] s.w.s.m.m.a.RequestMappingHandlerMapping : Mapped "{[/error]}" onto public org.springframework.http.ResponseEntity<java.util.Map<java.lang.String, java.lang.Object>> org.springframework.boot.autoconfigure.web.servlet.error.BasicErrorController.error(javax.servlet.http.HttpServletRequest)
2018-06-10 15:33:10.623  INFO 14572 --- [main] s.w.s.m.m.a.RequestMappingHandlerMapping : Mapped "{[/error],produces=[text/html]}" onto public org.springframework.web.servlet.ModelAndView org.springframework.boot.autoconfigure.web.servlet.error.BasicErrorController.errorHtml(javax.servlet.http.HttpServletRequest,javax.servlet.http.HttpServletResponse)
2018-06-10 15:33:10.642  INFO 14572 --- [main] o.s.w.s.handler.SimpleUrlHandlerMapping  : Mapped URL path [/webjars/**] onto handler of type [class org.springframework.web.servlet.resource.ResourceHttpRequestHandler]
2018-06-10 15:33:10.643  INFO 14572 --- [main] o.s.w.s.handler.SimpleUrlHandlerMapping  : Mapped URL path [/**] onto handler of type [class org.springframework.web.servlet.resource.ResourceHttpRequestHandler]
2018-06-10 15:33:10.767  INFO 14572 --- [main] o.s.j.e.a.AnnotationMBeanExporter        : Registering beans for JMX exposure on startup
2018-06-10 15:33:10.818  INFO 14572 --- [main] o.s.b.w.embedded.tomcat.TomcatWebServer  : Tomcat started on port(s): 8080 (http) with context path ''
2018-06-10 15:33:10.821  INFO 14572 --- [main] o.redrock.graduate.GraduateApplication   : Started GraduateApplication in 2.267 seconds (JVM running for 3.591)
2018-06-10 15:33:12.388  INFO 14572 --- [http-nio-8080-exec-1] o.a.c.c.C.[Tomcat].[localhost].[/]       : Initializing Spring FrameworkServlet 'dispatcherServlet'
2018-06-10 15:33:12.389  INFO 14572 --- [http-nio-8080-exec-1] o.s.web.servlet.DispatcherServlet        : FrameworkServlet 'dispatcherServlet': initialization started
2018-06-10 15:33:12.422  INFO 14572 --- [http-nio-8080-exec-1] o.s.web.servlet.DispatcherServlet        : FrameworkServlet 'dispatcherServlet': initialization completed in 32 ms
2018-06-10 15:33:12.512  INFO 14572 --- [http-nio-8080-exec-1] o.r.graduate.Controller.UplController    : 开始将b64转换为MultipartFile
2018-06-10 15:33:12.523  INFO 14572 --- [http-nio-8080-exec-1] o.r.graduate.Controller.UplController    : 检查file状态
2018-06-10 15:33:12.523  INFO 14572 --- [http-nio-8080-exec-1] o.r.graduate.Controller.UplController    : 获取file名字并检查文件 , 传入名:
2018-06-10 15:33:12.524  INFO 14572 --- [http-nio-8080-exec-1] o.r.graduate.Controller.UplController    : 尝试上传
2018-06-10 15:33:12.527  INFO 14572 --- [http-nio-8080-exec-1] o.r.graduate.Controller.UplController    : 上传成功
2018-06-10 15:33:27.770  INFO 6780 --- [main] o.redrock.graduate.GraduateApplication   : Starting GraduateApplication on admin-PC with PID 6780 (C:\Users\admin\Desktop\graduate\target\classes started by admin in C:\Users\admin\Desktop\graduate)
2018-06-10 15:33:27.773  INFO 6780 --- [main] o.redrock.graduate.GraduateApplication   : No active profile set, falling back to default profiles: default
2018-06-10 15:33:27.805  INFO 6780 --- [main] ConfigServletWebServerApplicationContext : Refreshing org.springframework.boot.web.servlet.context.AnnotationConfigServletWebServerApplicationContext@184cf7cf: startup date [Sun Jun 10 15:33:27 CST 2018]; root of context hierarchy
2018-06-10 15:33:28.621  INFO 6780 --- [main] o.s.b.w.embedded.tomcat.TomcatWebServer  : Tomcat initialized with port(s): 8080 (http)
2018-06-10 15:33:28.644  INFO 6780 --- [main] o.apache.catalina.core.StandardService   : Starting service [Tomcat]
2018-06-10 15:33:28.644  INFO 6780 --- [main] org.apache.catalina.core.StandardEngine  : Starting Servlet Engine: Apache Tomcat/8.5.31
2018-06-10 15:33:28.648  INFO 6780 --- [localhost-startStop-1] o.a.catalina.core.AprLifecycleListener   : The APR based Apache Tomcat Native library which allows optimal performance in production environments was not found on the java.library.path: [C:\Program Files\Java\jdk1.8.0_102\bin;C:\Windows\Sun\Java\bin;C:\Windows\system32;C:\Windows;C:\Program Files\Java\jdk1.8.0_102\bin;C:\ProgramData\Oracle\Java\javapath;C:\Windows\system32;C:\Windows;C:\Windows\System32\Wbem;C:\Windows\System32\WindowsPowerShell\v1.0\;C:\Program Files (x86)\NVIDIA Corporation\PhysX\Common;C:\Program Files (x86)\Common Files\microsoft shared\TigerKin;D:\Git\cmd;C:\Users\admin\.dnx\bin;C:\Program Files\Microsoft DNX\Dnvm\;C:\Program Files (x86)\Common Files\microsoft shared\TigerKin;C:\Windows\system32\config\systemprofile\.dnx\bin;C:\Program Files\Microsoft DNX\Dnvm\;C:\Program Files (x86)\Windows Kits\8.1\Windows Performance Toolkit\;C:\Program Files\Microsoft SQL Server\130\Tools\Binn\;C:\Users\admin\AppData\Local\Programs\Python\Python35\Scripts\;C:\Users\admin\AppData\Local\Programs\Python\Python35\;D:\phpStudy\php\php-7.0.12-nts\;C:\Program Files (x86)\Microsoft VS Code\bin;.]
2018-06-10 15:33:28.782  INFO 6780 --- [localhost-startStop-1] o.a.c.c.C.[Tomcat].[localhost].[/]       : Initializing Spring embedded WebApplicationContext
2018-06-10 15:33:28.783  INFO 6780 --- [localhost-startStop-1] o.s.web.context.ContextLoader            : Root WebApplicationContext: initialization completed in 978 ms
2018-06-10 15:33:28.947  INFO 6780 --- [localhost-startStop-1] o.s.b.w.servlet.ServletRegistrationBean  : Servlet dispatcherServlet mapped to [/]
2018-06-10 15:33:28.952  INFO 6780 --- [localhost-startStop-1] o.s.b.w.servlet.FilterRegistrationBean   : Mapping filter: 'characterEncodingFilter' to: [/*]
2018-06-10 15:33:28.952  INFO 6780 --- [localhost-startStop-1] o.s.b.w.servlet.FilterRegistrationBean   : Mapping filter: 'hiddenHttpMethodFilter' to: [/*]
2018-06-10 15:33:28.953  INFO 6780 --- [localhost-startStop-1] o.s.b.w.servlet.FilterRegistrationBean   : Mapping filter: 'httpPutFormContentFilter' to: [/*]
2018-06-10 15:33:28.953  INFO 6780 --- [localhost-startStop-1] o.s.b.w.servlet.FilterRegistrationBean   : Mapping filter: 'requestContextFilter' to: [/*]
2018-06-10 15:33:29.067  INFO 6780 --- [main] o.s.w.s.handler.SimpleUrlHandlerMapping  : Mapped URL path [/**/favicon.ico] onto handler of type [class org.springframework.web.servlet.resource.ResourceHttpRequestHandler]
2018-06-10 15:33:29.236  INFO 6780 --- [main] s.w.s.m.m.a.RequestMappingHandlerAdapter : Looking for @ControllerAdvice: org.springframework.boot.web.servlet.context.AnnotationConfigServletWebServerApplicationContext@184cf7cf: startup date [Sun Jun 10 15:33:27 CST 2018]; root of context hierarchy
2018-06-10 15:33:29.283  INFO 6780 --- [main] s.w.s.m.m.a.RequestMappingHandlerMapping : Mapped "{[/c/getsinfo],methods=[POST]}" onto public org.springframework.http.ResponseEntity<org.redrock.graduate.bean.Stu> org.redrock.graduate.Controller.InfoController.GetSInfo(javax.servlet.http.HttpSession)
2018-06-10 15:33:29.284  INFO 6780 --- [main] s.w.s.m.m.a.RequestMappingHandlerMapping : Mapped "{[/c/setsinfo],methods=[POST]}" onto public org.springframework.http.ResponseEntity<org.redrock.graduate.bean.Stu> org.redrock.graduate.Controller.InfoController.SetSInfo(javax.servlet.http.HttpServletRequest,javax.servlet.http.HttpSession) throws java.io.UnsupportedEncodingException
2018-06-10 15:33:29.285  INFO 6780 --- [main] s.w.s.m.m.a.RequestMappingHandlerMapping : Mapped "{[/u/upload],methods=[POST]}" onto public org.springframework.http.ResponseEntity<org.redrock.graduate.bean.Msg> org.redrock.graduate.Controller.UplController.singleFileUpload(java.lang.String,java.lang.String)
2018-06-10 15:33:29.287  INFO 6780 --- [main] s.w.s.m.m.a.RequestMappingHandlerMapping : Mapped "{[/error]}" onto public org.springframework.http.ResponseEntity<java.util.Map<java.lang.String, java.lang.Object>> org.springframework.boot.autoconfigure.web.servlet.error.BasicErrorController.error(javax.servlet.http.HttpServletRequest)
2018-06-10 15:33:29.288  INFO 6780 --- [main] s.w.s.m.m.a.RequestMappingHandlerMapping : Mapped "{[/error],produces=[text/html]}" onto public org.springframework.web.servlet.ModelAndView org.springframework.boot.autoconfigure.web.servlet.error.BasicErrorController.errorHtml(javax.servlet.http.HttpServletRequest,javax.servlet.http.HttpServletResponse)
2018-06-10 15:33:29.307  INFO 6780 --- [main] o.s.w.s.handler.SimpleUrlHandlerMapping  : Mapped URL path [/webjars/**] onto handler of type [class org.springframework.web.servlet.resource.ResourceHttpRequestHandler]
2018-06-10 15:33:29.307  INFO 6780 --- [main] o.s.w.s.handler.SimpleUrlHandlerMapping  : Mapped URL path [/**] onto handler of type [class org.springframework.web.servlet.resource.ResourceHttpRequestHandler]
2018-06-10 15:33:29.439  INFO 6780 --- [main] o.s.j.e.a.AnnotationMBeanExporter        : Registering beans for JMX exposure on startup
2018-06-10 15:33:29.486  INFO 6780 --- [main] o.s.b.w.embedded.tomcat.TomcatWebServer  : Tomcat started on port(s): 8080 (http) with context path ''
2018-06-10 15:33:29.491  INFO 6780 --- [main] o.redrock.graduate.GraduateApplication   : Started GraduateApplication in 2.087 seconds (JVM running for 3.266)
2018-06-10 15:33:46.701  INFO 14664 --- [main] o.r.graduate.GraduateApplicationTests    : Starting GraduateApplicationTests on admin-PC with PID 14664 (started by admin in C:\Users\admin\Desktop\graduate)
2018-06-10 15:33:46.703  INFO 14664 --- [main] o.r.graduate.GraduateApplicationTests    : No active profile set, falling back to default profiles: default
2018-06-10 15:33:46.738  INFO 14664 --- [main] o.s.w.c.s.GenericWebApplicationContext   : Refreshing org.springframework.web.context.support.GenericWebApplicationContext@6f204a1a: startup date [Sun Jun 10 15:33:46 CST 2018]; root of context hierarchy
2018-06-10 15:33:48.044  INFO 14664 --- [main] o.s.w.s.handler.SimpleUrlHandlerMapping  : Mapped URL path [/**/favicon.ico] onto handler of type [class org.springframework.web.servlet.resource.ResourceHttpRequestHandler]
2018-06-10 15:33:48.284  INFO 14664 --- [main] s.w.s.m.m.a.RequestMappingHandlerAdapter : Looking for @ControllerAdvice: org.springframework.web.context.support.GenericWebApplicationContext@6f204a1a: startup date [Sun Jun 10 15:33:46 CST 2018]; root of context hierarchy
2018-06-10 15:33:48.367  INFO 14664 --- [main] s.w.s.m.m.a.RequestMappingHandlerMapping : Mapped "{[/c/getsinfo],methods=[POST]}" onto public org.springframework.http.ResponseEntity<org.redrock.graduate.bean.Stu> org.redrock.graduate.Controller.InfoController.GetSInfo(javax.servlet.http.HttpSession)
2018-06-10 15:33:48.368  INFO 14664 --- [main] s.w.s.m.m.a.RequestMappingHandlerMapping : Mapped "{[/c/setsinfo],methods=[POST]}" onto public org.springframework.http.ResponseEntity<org.redrock.graduate.bean.Stu> org.redrock.graduate.Controller.InfoController.SetSInfo(javax.servlet.http.HttpServletRequest,javax.servlet.http.HttpSession) throws java.io.UnsupportedEncodingException
2018-06-10 15:33:48.369  INFO 14664 --- [main] s.w.s.m.m.a.RequestMappingHandlerMapping : Mapped "{[/u/upload],methods=[POST]}" onto public org.springframework.http.ResponseEntity<org.redrock.graduate.bean.Msg> org.redrock.graduate.Controller.UplController.singleFileUpload(java.lang.String,java.lang.String)
2018-06-10 15:33:48.373  INFO 14664 --- [main] s.w.s.m.m.a.RequestMappingHandlerMapping : Mapped "{[/error]}" onto public org.springframework.http.ResponseEntity<java.util.Map<java.lang.String, java.lang.Object>> org.springframework.boot.autoconfigure.web.servlet.error.BasicErrorController.error(javax.servlet.http.HttpServletRequest)
2018-06-10 15:33:48.375  INFO 14664 --- [main] s.w.s.m.m.a.RequestMappingHandlerMapping : Mapped "{[/error],produces=[text/html]}" onto public org.springframework.web.servlet.ModelAndView org.springframework.boot.autoconfigure.web.servlet.error.BasicErrorController.errorHtml(javax.servlet.http.HttpServletRequest,javax.servlet.http.HttpServletResponse)
2018-06-10 15:33:48.402  INFO 14664 --- [main] o.s.w.s.handler.SimpleUrlHandlerMapping  : Mapped URL path [/webjars/**] onto handler of type [class org.springframework.web.servlet.resource.ResourceHttpRequestHandler]
2018-06-10 15:33:48.402  INFO 14664 --- [main] o.s.w.s.handler.SimpleUrlHandlerMapping  : Mapped URL path [/**] onto handler of type [class org.springframework.web.servlet.resource.ResourceHttpRequestHandler]
2018-06-10 15:33:49.153  INFO 14664 --- [main] o.r.graduate.GraduateApplicationTests    : Started GraduateApplicationTests in 2.824 seconds (JVM running for 3.775)
2018-06-10 15:33:49.314  INFO 14664 --- [Thread-2] o.s.w.c.s.GenericWebApplicationContext   : Closing org.springframework.web.context.support.GenericWebApplicationContext@6f204a1a: startup date [Sun Jun 10 15:33:46 CST 2018]; root of context hierarchy
